#
# A fatal error has been detected by the Java Runtime Environment:
#
#  SIGILL (0x4) at pc=0x00007fff2c388abc, pid=38557, tid=74247
#
# JRE version: OpenJDK Runtime Environment (14.0.1+14) (build 14.0.1+14)
# Java VM: OpenJDK 64-Bit Server VM (14.0.1+14, mixed mode, sharing, tiered, compressed oops, g1 gc, bsd-amd64)
# Problematic frame:
# C  [AppKit+0x3e5abc]  -[NSOpenGLContext setView:]+0xe5
#
# No core dump will be written. Core dumps have been disabled. To enable core dumping, try "ulimit -c unlimited" before starting Java again
#
# If you would like to submit a bug report, please visit:
#   https://bugreport.java.com/bugreport/crash.jsp
# The crash happened outside the Java Virtual Machine in native code.
# See problematic frame for where to report the bug.
#

---------------  S U M M A R Y ------------

Command Line: -Dfile.encoding=UTF-8 -Duser.country=FI -Duser.language=en -Duser.variant ohtu.Main

Host: MacBookPro12,1 x86_64 2700 MHz, 4 cores, 8G, Darwin 19.6.0
Time: Mon Nov 30 10:33:27 2020 EET elapsed time: 55 seconds (0d 0h 0m 55s)

---------------  T H R E A D  ---------------

Current thread (0x00007f9b1b10a800):  JavaThread "Java2D Queue Flusher" daemon [_thread_in_native, id=74247, stack(0x0000700009285000,0x0000700009385000)]

Stack: [0x0000700009285000,0x0000700009385000],  sp=0x00007000093847e0,  free space=1021k
Native frames: (J=compiled Java code, A=aot compiled Java code, j=interpreted, Vv=VM code, C=native code)
C  [AppKit+0x3e5abc]  -[NSOpenGLContext setView:]+0xe5
C  [libawt_lwawt.dylib+0x2120f]  CGLSD_MakeCurrentToScratch+0x45
C  [libawt_lwawt.dylib+0x21318]  OGLSD_MakeOGLContextCurrent+0x58
C  [libawt_lwawt.dylib+0x40481]  OGLContext_SetSurfaces+0x85
C  [libawt_lwawt.dylib+0x43f1d]  Java_sun_java2d_opengl_OGLRenderQueue_flushBuffer+0x62d
j  sun.java2d.opengl.OGLRenderQueue.flushBuffer(JI)V+0 java.desktop@14.0.1
j  sun.java2d.opengl.OGLRenderQueue.flushBuffer()V+21 java.desktop@14.0.1
j  sun.java2d.opengl.OGLRenderQueue$QueueFlusher.run()V+81 java.desktop@14.0.1
j  java.lang.Thread.run()V+11 java.base@14.0.1
v  ~StubRoutines::call_stub
V  [libjvm.dylib+0x35a5e7]  JavaCalls::call_helper(JavaValue*, methodHandle const&, JavaCallArguments*, Thread*)+0x255
V  [libjvm.dylib+0x3599f0]  JavaCalls::call_virtual(JavaValue*, Klass*, Symbol*, Symbol*, JavaCallArguments*, Thread*)+0xfe
V  [libjvm.dylib+0x359aaa]  JavaCalls::call_virtual(JavaValue*, Handle, Klass*, Symbol*, Symbol*, Thread*)+0x62
V  [libjvm.dylib+0x3e9f23]  thread_entry(JavaThread*, Thread*)+0x78
V  [libjvm.dylib+0x770436]  JavaThread::thread_main_inner()+0x86
V  [libjvm.dylib+0x77027a]  JavaThread::run()+0x11c
V  [libjvm.dylib+0x76e0d7]  Thread::call_run()+0x71
V  [libjvm.dylib+0x605d1d]  thread_native_entry(Thread*)+0x126
C  [libsystem_pthread.dylib+0x6109]  _pthread_start+0x94
C  [libsystem_pthread.dylib+0x1b8b]  thread_start+0xf

Java frames: (J=compiled Java code, j=interpreted, Vv=VM code)
j  sun.java2d.opengl.OGLRenderQueue.flushBuffer(JI)V+0 java.desktop@14.0.1
j  sun.java2d.opengl.OGLRenderQueue.flushBuffer()V+21 java.desktop@14.0.1
j  sun.java2d.opengl.OGLRenderQueue$QueueFlusher.run()V+81 java.desktop@14.0.1
j  java.lang.Thread.run()V+11 java.base@14.0.1
v  ~StubRoutines::call_stub

siginfo: si_signo: 4 (SIGILL), si_code: 1 (ILL_ILLOPC), si_addr: 0x00007fff2c388abc

Register to memory mapping:

RAX=0x0 is NULL
RBX=0x00007f9b1ae72240 points into unknown readable memory: 50 cc 02 1f 9b 7f 00 00
RCX=0x0 is NULL
RDX=0x0 is NULL
RSP=0x00007000093847e0 is pointing into the stack for thread: 0x00007f9b1b10a800
RBP=0x0000700009384830 is pointing into the stack for thread: 0x00007f9b1b10a800
RSI=0x000000001f08000c is an unknown value
RDI=0x0 is NULL
R8 =0x0 is NULL
R9 =0x0 is NULL
R10=0x0 is NULL
R11=0x0 is NULL
R12=0x00007f9b1ba65038 points into unknown readable memory: 00 00 00 00 00 00 00 00
R13=0x00007f9b1dec4150 points into unknown readable memory: e0 15 cd 0e 01 00 00 00
R14=0x00007f9b1f02cdd0 points into unknown readable memory: 87 9a 09 86 ff ff 3d 00
R15=0x00007f9b1f02cc50 points into unknown readable memory: 85 68 09 86 ff ff 3d 01


Registers:
RAX=0x0000000000000000, RBX=0x00007f9b1ae72240, RCX=0x0000000000000000, RDX=0x0000000000000000
RSP=0x00007000093847e0, RBP=0x0000700009384830, RSI=0x000000001f08000c, RDI=0x0000000000000000
R8 =0x0000000000000000, R9 =0x0000000000000000, R10=0x0000000000000000, R11=0x0000000000000000
R12=0x00007f9b1ba65038, R13=0x00007f9b1dec4150, R14=0x00007f9b1f02cdd0, R15=0x00007f9b1f02cc50
RIP=0x00007fff2c388abc, EFLAGS=0x0000000000010202, ERR=0x0000000000000000
  TRAPNO=0x0000000000000006

Top of Stack: (sp=0x00007000093847e0)
0x00007000093847e0:   00007000093847f0 00007fff67c5e66a
0x00007000093847f0:   0000700009384830 00007fff2c3882ac
0x0000700009384800:   00007f9b1f014628 00007f9b1f014668
0x0000700009384810:   0000700009384830 00007f9b1ae72240
0x0000700009384820:   00007f9b1b10ab10 00007f9b1b10ab10
0x0000700009384830:   0000700009384860 000000010ecac20f
0x0000700009384840:   00007f9b1f02a030 00007f9b1ae70b30
0x0000700009384850:   00007f9b1ae72240 00007f9b1b10ab10
0x0000700009384860:   00007000093848a0 000000010ecac318
0x0000700009384870:   0000000000000005 00007f9b1b10ab10
0x0000700009384880:   00007f9b1dec4150 000000010e542c38
0x0000700009384890:   00007f9b1b110818 00007f9b1dec4150
0x00007000093848a0:   00007000093848e0 000000010eccb481
0x00007000093848b0:   000000010ecceeee 00007f9b1b110808
0x00007000093848c0:   00007f9b1dec4150 000000010e542c38
0x00007000093848d0:   00007f9b1b110818 00007f9b1dec4150
0x00007000093848e0:   0000700009384940 000000010eccef1d
0x00007000093848f0:   0000000000000000 00007f9b1f014600
0x0000700009384900:   0000000000000000 00007f9b1b110884
0x0000700009384910:   00007f9b1b10ab10 000000010e542c38
0x0000700009384920:   0000000000000000 000000010e542c38
0x0000700009384930:   00007000093849f8 00007f9b1b10a800
0x0000700009384940:   00007000093849c0 000000011844a6b0
0x0000700009384950:   0000700009384980 0000000108f35e19
0x0000700009384960:   00000000000000c9 0000000000000072
0x0000700009384970:   0000700009384ac0 0000700009384978
0x0000700009384980:   0000000000000000 00007000093849f8
0x0000700009384990:   000000010e543e68 0000000000000000
0x00007000093849a0:   000000078003fb30 000000010e542c38
0x00007000093849b0:   0000000000000000 00007000093849e0
0x00007000093849c0:   0000700009384a48 0000000118444ef3
0x00007000093849d0:   0000000000000000 0000000118447758 

Instructions: (pc=0x00007fff2c388abc)
0x00007fff2c3889bc:   c3 90 90 90 90 90 90 90 90 55 48 89 e5 48 8b 35
0x00007fff2c3889cc:   f0 01 cd 59 5d ff 25 71 bf 9b 59 55 48 89 e5 41
0x00007fff2c3889dc:   57 41 56 53 48 83 ec 38 49 89 d6 49 89 ff 8a 05
0x00007fff2c3889ec:   a8 1b d4 59 84 c0 0f 84 90 00 00 00 04 fe 84 c0
0x00007fff2c3889fc:   75 0d e8 59 03 78 00 85 c0 0f 84 a5 00 00 00 48
0x00007fff2c388a0c:   8b 35 6e f0 cb 59 4c 89 ff ff 15 2d bf 9b 59 49
0x00007fff2c388a1c:   8d 7f 08 e8 7c 01 78 00 4c 39 f0 74 3e 48 8b 0d
0x00007fff2c388a2c:   08 a6 9b 59 48 8d 7d b0 48 89 0f b9 00 00 00 c2
0x00007fff2c388a3c:   48 89 4f 08 48 8d 0d 63 31 32 00 48 89 4f 10 48
0x00007fff2c388a4c:   8d 0d 4e 40 9c 59 48 89 4f 18 48 89 47 20 4c 89
0x00007fff2c388a5c:   7f 28 4c 89 77 30 e8 83 38 cb ff 31 db 48 8b 35
0x00007fff2c388a6c:   18 f0 cb 59 4c 89 ff ff 15 cf be 9b 59 84 db 75
0x00007fff2c388a7c:   2c 48 83 c4 38 5b 41 5e 41 5f 5d c3 48 8d 3d f9
0x00007fff2c388a8c:   ac a1 59 48 8d 15 02 1b d4 59 48 8d 0d d8 39 32
0x00007fff2c388a9c:   00 31 f6 e8 80 e9 c1 ff e9 51 ff ff ff e8 c2 00
0x00007fff2c388aac:   78 00 0f 0b 48 8d 3d 13 70 7f 00 e8 14 fb 77 00
0x00007fff2c388abc:   0f 0b 49 89 c6 eb 13 48 89 c7 e8 75 00 78 00 b3
0x00007fff2c388acc:   01 eb 9a 49 89 c6 84 db 74 05 e8 89 00 78 00 4c
0x00007fff2c388adc:   89 f7 e8 0f fa 77 00 0f 0b e8 58 01 78 00 55 48
0x00007fff2c388aec:   89 e5 41 57 41 56 41 54 53 41 89 f6 48 89 fb 48
0x00007fff2c388afc:   83 c7 08 e8 9c 00 78 00 49 89 c7 48 89 df e8 45
0x00007fff2c388b0c:   00 00 00 49 89 c4 4c 89 ff 31 f6 e8 88 00 00 00
0x00007fff2c388b1c:   49 89 c7 45 0f be f6 4d 85 e4 74 0b 48 89 df 44
0x00007fff2c388b2c:   89 f6 e8 42 97 04 00 4d 85 ff 74 13 48 89 df 44
0x00007fff2c388b3c:   89 f6 5b 41 5c 41 5e 41 5f 5d e9 e5 48 04 00 5b
0x00007fff2c388b4c:   41 5c 41 5e 41 5f 5d c3 55 48 89 e5 41 56 53 48
0x00007fff2c388b5c:   89 fb 4c 8d 35 93 67 d3 59 4c 89 f7 e8 01 02 78
0x00007fff2c388b6c:   00 48 8b 3d 1c 1a d4 59 48 8b 35 8d c8 cb 59 48
0x00007fff2c388b7c:   89 da ff 15 c4 bd 9b 59 48 89 c7 ff 15 cb bd 9b
0x00007fff2c388b8c:   59 48 89 c3 4c 89 f7 e8 dc 01 78 00 48 89 df 5b
0x00007fff2c388b9c:   41 5e 5d e9 84 ff 77 00 55 48 89 e5 41 57 41 56
0x00007fff2c388bac:   53 50 41 89 f7 49 89 fe 48 8d 3d fd 66 d3 59 e8 


Stack slot to memory mapping:
stack at sp + 0 slots: 0x00007000093847f0 is pointing into the stack for thread: 0x00007f9b1b10a800
stack at sp + 1 slots: 0x00007fff67c5e66a: class_respondsToSelector_inst+0x1a in /usr/lib/libobjc.A.dylib at 0x00007fff67c53000
stack at sp + 2 slots: 0x0000700009384830 is pointing into the stack for thread: 0x00007f9b1b10a800
stack at sp + 3 slots: 0x00007fff2c3882ac: -[NSOpenGLContext makeCurrentContext]+0x125 in /System/Library/Frameworks/AppKit.framework/Versions/C/AppKit at 0x00007fff2bfa3000
stack at sp + 4 slots: 0x00007f9b1f014628 points into unknown readable memory: 5a 54 55 4d 00 00 00 00
stack at sp + 5 slots: 0x00007f9b1f014668 points into unknown readable memory: 44 4e 4f 43 00 00 00 00
stack at sp + 6 slots: 0x0000700009384830 is pointing into the stack for thread: 0x00007f9b1b10a800
stack at sp + 7 slots: 0x00007f9b1ae72240 points into unknown readable memory: 50 cc 02 1f 9b 7f 00 00


---------------  P R O C E S S  ---------------

Threads class SMR info:
_java_thread_list=0x00007f9b1af92fb0, length=16, elements={
0x00007f9b1b80c800, 0x00007f9b1b80d000, 0x00007f9b1b80b000, 0x00007f9b1c03f000,
0x00007f9b1c043000, 0x00007f9b1b06a800, 0x00007f9b1c044000, 0x00007f9b1c07d000,
0x00007f9b1b01d000, 0x00007f9b1b094800, 0x00007f9b1b9c3000, 0x00007f9b1c8da000,
0x00007f9b1c14d800, 0x00007f9b1b10a800, 0x00007f9b1ba66000, 0x00007f9b1c92f800
}

Java Threads: ( => current thread )
  0x00007f9b1b80c800 JavaThread "Reference Handler" daemon [_thread_blocked, id=14339, stack(0x00007000083d2000,0x00007000084d2000)]
  0x00007f9b1b80d000 JavaThread "Finalizer" daemon [_thread_blocked, id=14851, stack(0x00007000084d5000,0x00007000085d5000)]
  0x00007f9b1b80b000 JavaThread "Signal Dispatcher" daemon [_thread_blocked, id=22531, stack(0x00007000086de000,0x00007000087de000)]
  0x00007f9b1c03f000 JavaThread "Service Thread" daemon [_thread_blocked, id=43011, stack(0x00007000087e1000,0x00007000088e1000)]
  0x00007f9b1c043000 JavaThread "C2 CompilerThread0" daemon [_thread_blocked, id=23043, stack(0x00007000088e4000,0x00007000089e4000)]
  0x00007f9b1b06a800 JavaThread "C1 CompilerThread0" daemon [_thread_blocked, id=23299, stack(0x00007000089e7000,0x0000700008ae7000)]
  0x00007f9b1c044000 JavaThread "Sweeper thread" daemon [_thread_blocked, id=23811, stack(0x0000700008aea000,0x0000700008bea000)]
  0x00007f9b1c07d000 JavaThread "Notification Thread" daemon [_thread_blocked, id=24067, stack(0x0000700008bed000,0x0000700008ced000)]
  0x00007f9b1b01d000 JavaThread "Common-Cleaner" daemon [_thread_blocked, id=24579, stack(0x0000700008df3000,0x0000700008ef3000)]
  0x00007f9b1b094800 JavaThread "AppKit Thread" daemon [_thread_in_native, id=775, stack(0x00007ffee75b9000,0x00007ffee7db9000)]
  0x00007f9b1b9c3000 JavaThread "AWT-Shutdown" [_thread_blocked, id=31499, stack(0x0000700008f79000,0x0000700009079000)]
  0x00007f9b1c8da000 JavaThread "AWT-EventQueue-0" [_thread_blocked, id=52483, stack(0x0000700009182000,0x0000700009282000)]
  0x00007f9b1c14d800 JavaThread "DestroyJavaVM" [_thread_blocked, id=9987, stack(0x0000700007cbd000,0x0000700007dbd000)]
=>0x00007f9b1b10a800 JavaThread "Java2D Queue Flusher" daemon [_thread_in_native, id=74247, stack(0x0000700009285000,0x0000700009385000)]
  0x00007f9b1ba66000 JavaThread "Java2D Disposer" daemon [_thread_blocked, id=71683, stack(0x0000700009388000,0x0000700009488000)]
  0x00007f9b1c92f800 JavaThread "TimerQueue" daemon [_thread_blocked, id=68887, stack(0x000070000948b000,0x000070000958b000)]

Other Threads:
  0x00007f9b1b069800 VMThread "VM Thread" [stack: 0x00007000082cf000,0x00007000083cf000] [id=18179]
  0x00007f9b1c07e000 WatcherThread [stack: 0x0000700008cf0000,0x0000700008df0000] [id=40963]
  0x00007f9b1c027800 GCTaskThread "GC Thread#0" [stack: 0x0000700007dc0000,0x0000700007ec0000] [id=12291]
  0x00007f9b20818800 GCTaskThread "GC Thread#1" [stack: 0x00007000085d8000,0x00007000086d8000] [id=22107]
  0x00007f9b20cb8800 GCTaskThread "GC Thread#2" [stack: 0x000070000958e000,0x000070000968e000] [id=15587]
  0x00007f9b20cbd800 GCTaskThread "GC Thread#3" [stack: 0x0000700009691000,0x0000700009791000] [id=16659]
  0x00007f9b1c80b000 ConcurrentGCThread "G1 Main Marker" [stack: 0x0000700007ec3000,0x0000700007fc3000] [id=19715]
  0x00007f9b1c823800 ConcurrentGCThread "G1 Conc#0" [stack: 0x0000700007fc6000,0x00007000080c6000] [id=13059]
  0x00007f9b1b059800 ConcurrentGCThread "G1 Refine#0" [stack: 0x00007000080c9000,0x00007000081c9000] [id=13315]
  0x00007f9b1b05a000 ConcurrentGCThread "G1 Young RemSet Sampling" [stack: 0x00007000081cc000,0x00007000082cc000] [id=13571]

Threads with active compile tasks:

VM state:not at safepoint (normal execution)

VM Mutex/Monitor currently owned by a thread: None

Heap address: 0x0000000780000000, size: 2048 MB, Compressed Oops mode: Zero based, Oop shift amount: 3
Narrow klass base: 0x0000000800000000, Narrow klass shift: 3
Compressed class space size: 1073741824 Address: 0x0000000800b19000

Heap:
 garbage-first heap   total 133120K, used 5060K [0x0000000780000000, 0x0000000800000000)
  region size 1024K, 4 young (4096K), 2 survivors (2048K)
 Metaspace       used 8899K, capacity 9081K, committed 9344K, reserved 1056768K
  class space    used 999K, capacity 1102K, committed 1152K, reserved 1048576K
Heap Regions: E=young(eden), S=young(survivor), O=old, HS=humongous(starts), HC=humongous(continues), CS=collection set, F=free, OA=open archive, CA=closed archive, TAMS=top-at-mark-start (previous, next)
|   0|0x0000000780000000, 0x0000000780100000, 0x0000000780100000|100%| O|  |TAMS 0x0000000780000000, 0x0000000780000000| Untracked 
|   1|0x0000000780100000, 0x0000000780123000, 0x0000000780200000| 13%| O|  |TAMS 0x0000000780100000, 0x0000000780100000| Untracked 
|   2|0x0000000780200000, 0x0000000780200000, 0x0000000780300000|  0%| F|  |TAMS 0x0000000780200000, 0x0000000780200000| Untracked 
|   3|0x0000000780300000, 0x0000000780300000, 0x0000000780400000|  0%| F|  |TAMS 0x0000000780300000, 0x0000000780300000| Untracked 
|   4|0x0000000780400000, 0x0000000780400000, 0x0000000780500000|  0%| F|  |TAMS 0x0000000780400000, 0x0000000780400000| Untracked 
|   5|0x0000000780500000, 0x0000000780500000, 0x0000000780600000|  0%| F|  |TAMS 0x0000000780500000, 0x0000000780500000| Untracked 
|   6|0x0000000780600000, 0x0000000780600000, 0x0000000780700000|  0%| F|  |TAMS 0x0000000780600000, 0x0000000780600000| Untracked 
|   7|0x0000000780700000, 0x0000000780700000, 0x0000000780800000|  0%| F|  |TAMS 0x0000000780700000, 0x0000000780700000| Untracked 
|   8|0x0000000780800000, 0x0000000780800000, 0x0000000780900000|  0%| F|  |TAMS 0x0000000780800000, 0x0000000780800000| Untracked 
|   9|0x0000000780900000, 0x0000000780900000, 0x0000000780a00000|  0%| F|  |TAMS 0x0000000780900000, 0x0000000780900000| Untracked 
|  10|0x0000000780a00000, 0x0000000780a00000, 0x0000000780b00000|  0%| F|  |TAMS 0x0000000780a00000, 0x0000000780a00000| Untracked 
|  11|0x0000000780b00000, 0x0000000780b00000, 0x0000000780c00000|  0%| F|  |TAMS 0x0000000780b00000, 0x0000000780b00000| Untracked 
|  12|0x0000000780c00000, 0x0000000780c00000, 0x0000000780d00000|  0%| F|  |TAMS 0x0000000780c00000, 0x0000000780c00000| Untracked 
|  13|0x0000000780d00000, 0x0000000780d00000, 0x0000000780e00000|  0%| F|  |TAMS 0x0000000780d00000, 0x0000000780d00000| Untracked 
|  14|0x0000000780e00000, 0x0000000780e00000, 0x0000000780f00000|  0%| F|  |TAMS 0x0000000780e00000, 0x0000000780e00000| Untracked 
|  15|0x0000000780f00000, 0x0000000780f00000, 0x0000000781000000|  0%| F|  |TAMS 0x0000000780f00000, 0x0000000780f00000| Untracked 
|  16|0x0000000781000000, 0x0000000781000000, 0x0000000781100000|  0%| F|  |TAMS 0x0000000781000000, 0x0000000781000000| Untracked 
|  17|0x0000000781100000, 0x0000000781100000, 0x0000000781200000|  0%| F|  |TAMS 0x0000000781100000, 0x0000000781100000| Untracked 
|  18|0x0000000781200000, 0x0000000781200000, 0x0000000781300000|  0%| F|  |TAMS 0x0000000781200000, 0x0000000781200000| Untracked 
|  19|0x0000000781300000, 0x0000000781300000, 0x0000000781400000|  0%| F|  |TAMS 0x0000000781300000, 0x0000000781300000| Untracked 
|  20|0x0000000781400000, 0x0000000781400000, 0x0000000781500000|  0%| F|  |TAMS 0x0000000781400000, 0x0000000781400000| Untracked 
|  21|0x0000000781500000, 0x0000000781500000, 0x0000000781600000|  0%| F|  |TAMS 0x0000000781500000, 0x0000000781500000| Untracked 
|  22|0x0000000781600000, 0x0000000781600000, 0x0000000781700000|  0%| F|  |TAMS 0x0000000781600000, 0x0000000781600000| Untracked 
|  23|0x0000000781700000, 0x0000000781700000, 0x0000000781800000|  0%| F|  |TAMS 0x0000000781700000, 0x0000000781700000| Untracked 
|  24|0x0000000781800000, 0x0000000781800000, 0x0000000781900000|  0%| F|  |TAMS 0x0000000781800000, 0x0000000781800000| Untracked 
|  25|0x0000000781900000, 0x0000000781900000, 0x0000000781a00000|  0%| F|  |TAMS 0x0000000781900000, 0x0000000781900000| Untracked 
|  26|0x0000000781a00000, 0x0000000781a00000, 0x0000000781b00000|  0%| F|  |TAMS 0x0000000781a00000, 0x0000000781a00000| Untracked 
|  27|0x0000000781b00000, 0x0000000781b00000, 0x0000000781c00000|  0%| F|  |TAMS 0x0000000781b00000, 0x0000000781b00000| Untracked 
|  28|0x0000000781c00000, 0x0000000781c00000, 0x0000000781d00000|  0%| F|  |TAMS 0x0000000781c00000, 0x0000000781c00000| Untracked 
|  29|0x0000000781d00000, 0x0000000781d00000, 0x0000000781e00000|  0%| F|  |TAMS 0x0000000781d00000, 0x0000000781d00000| Untracked 
|  30|0x0000000781e00000, 0x0000000781e00000, 0x0000000781f00000|  0%| F|  |TAMS 0x0000000781e00000, 0x0000000781e00000| Untracked 
|  31|0x0000000781f00000, 0x0000000781f00000, 0x0000000782000000|  0%| F|  |TAMS 0x0000000781f00000, 0x0000000781f00000| Untracked 
|  32|0x0000000782000000, 0x0000000782000000, 0x0000000782100000|  0%| F|  |TAMS 0x0000000782000000, 0x0000000782000000| Untracked 
|  33|0x0000000782100000, 0x0000000782100000, 0x0000000782200000|  0%| F|  |TAMS 0x0000000782100000, 0x0000000782100000| Untracked 
|  34|0x0000000782200000, 0x0000000782200000, 0x0000000782300000|  0%| F|  |TAMS 0x0000000782200000, 0x0000000782200000| Untracked 
|  35|0x0000000782300000, 0x0000000782300000, 0x0000000782400000|  0%| F|  |TAMS 0x0000000782300000, 0x0000000782300000| Untracked 
|  36|0x0000000782400000, 0x0000000782400000, 0x0000000782500000|  0%| F|  |TAMS 0x0000000782400000, 0x0000000782400000| Untracked 
|  37|0x0000000782500000, 0x0000000782500000, 0x0000000782600000|  0%| F|  |TAMS 0x0000000782500000, 0x0000000782500000| Untracked 
|  38|0x0000000782600000, 0x0000000782600000, 0x0000000782700000|  0%| F|  |TAMS 0x0000000782600000, 0x0000000782600000| Untracked 
|  39|0x0000000782700000, 0x0000000782700000, 0x0000000782800000|  0%| F|  |TAMS 0x0000000782700000, 0x0000000782700000| Untracked 
|  40|0x0000000782800000, 0x0000000782800000, 0x0000000782900000|  0%| F|  |TAMS 0x0000000782800000, 0x0000000782800000| Untracked 
|  41|0x0000000782900000, 0x0000000782900000, 0x0000000782a00000|  0%| F|  |TAMS 0x0000000782900000, 0x0000000782900000| Untracked 
|  42|0x0000000782a00000, 0x0000000782a00000, 0x0000000782b00000|  0%| F|  |TAMS 0x0000000782a00000, 0x0000000782a00000| Untracked 
|  43|0x0000000782b00000, 0x0000000782b00000, 0x0000000782c00000|  0%| F|  |TAMS 0x0000000782b00000, 0x0000000782b00000| Untracked 
|  44|0x0000000782c00000, 0x0000000782c00000, 0x0000000782d00000|  0%| F|  |TAMS 0x0000000782c00000, 0x0000000782c00000| Untracked 
|  45|0x0000000782d00000, 0x0000000782d00000, 0x0000000782e00000|  0%| F|  |TAMS 0x0000000782d00000, 0x0000000782d00000| Untracked 
|  46|0x0000000782e00000, 0x0000000782e00000, 0x0000000782f00000|  0%| F|  |TAMS 0x0000000782e00000, 0x0000000782e00000| Untracked 
|  47|0x0000000782f00000, 0x0000000782f00000, 0x0000000783000000|  0%| F|  |TAMS 0x0000000782f00000, 0x0000000782f00000| Untracked 
|  48|0x0000000783000000, 0x0000000783000000, 0x0000000783100000|  0%| F|  |TAMS 0x0000000783000000, 0x0000000783000000| Untracked 
|  49|0x0000000783100000, 0x0000000783100000, 0x0000000783200000|  0%| F|  |TAMS 0x0000000783100000, 0x0000000783100000| Untracked 
|  50|0x0000000783200000, 0x0000000783200000, 0x0000000783300000|  0%| F|  |TAMS 0x0000000783200000, 0x0000000783200000| Untracked 
|  51|0x0000000783300000, 0x0000000783300000, 0x0000000783400000|  0%| F|  |TAMS 0x0000000783300000, 0x0000000783300000| Untracked 
|  52|0x0000000783400000, 0x0000000783400000, 0x0000000783500000|  0%| F|  |TAMS 0x0000000783400000, 0x0000000783400000| Untracked 
|  53|0x0000000783500000, 0x0000000783500000, 0x0000000783600000|  0%| F|  |TAMS 0x0000000783500000, 0x0000000783500000| Untracked 
|  54|0x0000000783600000, 0x0000000783600000, 0x0000000783700000|  0%| F|  |TAMS 0x0000000783600000, 0x0000000783600000| Untracked 
|  55|0x0000000783700000, 0x0000000783700000, 0x0000000783800000|  0%| F|  |TAMS 0x0000000783700000, 0x0000000783700000| Untracked 
|  56|0x0000000783800000, 0x0000000783800000, 0x0000000783900000|  0%| F|  |TAMS 0x0000000783800000, 0x0000000783800000| Untracked 
|  57|0x0000000783900000, 0x0000000783900000, 0x0000000783a00000|  0%| F|  |TAMS 0x0000000783900000, 0x0000000783900000| Untracked 
|  58|0x0000000783a00000, 0x0000000783a00000, 0x0000000783b00000|  0%| F|  |TAMS 0x0000000783a00000, 0x0000000783a00000| Untracked 
|  59|0x0000000783b00000, 0x0000000783b00000, 0x0000000783c00000|  0%| F|  |TAMS 0x0000000783b00000, 0x0000000783b00000| Untracked 
|  60|0x0000000783c00000, 0x0000000783c00000, 0x0000000783d00000|  0%| F|  |TAMS 0x0000000783c00000, 0x0000000783c00000| Untracked 
|  61|0x0000000783d00000, 0x0000000783d00000, 0x0000000783e00000|  0%| F|  |TAMS 0x0000000783d00000, 0x0000000783d00000| Untracked 
|  62|0x0000000783e00000, 0x0000000783e00000, 0x0000000783f00000|  0%| F|  |TAMS 0x0000000783e00000, 0x0000000783e00000| Untracked 
|  63|0x0000000783f00000, 0x0000000783f00000, 0x0000000784000000|  0%| F|  |TAMS 0x0000000783f00000, 0x0000000783f00000| Untracked 
|  64|0x0000000784000000, 0x0000000784000000, 0x0000000784100000|  0%| F|  |TAMS 0x0000000784000000, 0x0000000784000000| Untracked 
|  65|0x0000000784100000, 0x0000000784100000, 0x0000000784200000|  0%| F|  |TAMS 0x0000000784100000, 0x0000000784100000| Untracked 
|  66|0x0000000784200000, 0x0000000784200000, 0x0000000784300000|  0%| F|  |TAMS 0x0000000784200000, 0x0000000784200000| Untracked 
|  67|0x0000000784300000, 0x0000000784300000, 0x0000000784400000|  0%| F|  |TAMS 0x0000000784300000, 0x0000000784300000| Untracked 
|  68|0x0000000784400000, 0x0000000784400000, 0x0000000784500000|  0%| F|  |TAMS 0x0000000784400000, 0x0000000784400000| Untracked 
|  69|0x0000000784500000, 0x0000000784500000, 0x0000000784600000|  0%| F|  |TAMS 0x0000000784500000, 0x0000000784500000| Untracked 
|  70|0x0000000784600000, 0x0000000784600000, 0x0000000784700000|  0%| F|  |TAMS 0x0000000784600000, 0x0000000784600000| Untracked 
|  71|0x0000000784700000, 0x0000000784700000, 0x0000000784800000|  0%| F|  |TAMS 0x0000000784700000, 0x0000000784700000| Untracked 
|  72|0x0000000784800000, 0x0000000784800000, 0x0000000784900000|  0%| F|  |TAMS 0x0000000784800000, 0x0000000784800000| Untracked 
|  73|0x0000000784900000, 0x0000000784900000, 0x0000000784a00000|  0%| F|  |TAMS 0x0000000784900000, 0x0000000784900000| Untracked 
|  74|0x0000000784a00000, 0x0000000784a00000, 0x0000000784b00000|  0%| F|  |TAMS 0x0000000784a00000, 0x0000000784a00000| Untracked 
|  75|0x0000000784b00000, 0x0000000784b00000, 0x0000000784c00000|  0%| F|  |TAMS 0x0000000784b00000, 0x0000000784b00000| Untracked 
|  76|0x0000000784c00000, 0x0000000784c00000, 0x0000000784d00000|  0%| F|  |TAMS 0x0000000784c00000, 0x0000000784c00000| Untracked 
|  77|0x0000000784d00000, 0x0000000784d00000, 0x0000000784e00000|  0%| F|  |TAMS 0x0000000784d00000, 0x0000000784d00000| Untracked 
|  78|0x0000000784e00000, 0x0000000784e00000, 0x0000000784f00000|  0%| F|  |TAMS 0x0000000784e00000, 0x0000000784e00000| Untracked 
|  79|0x0000000784f00000, 0x0000000784f00000, 0x0000000785000000|  0%| F|  |TAMS 0x0000000784f00000, 0x0000000784f00000| Untracked 
|  80|0x0000000785000000, 0x0000000785000000, 0x0000000785100000|  0%| F|  |TAMS 0x0000000785000000, 0x0000000785000000| Untracked 
|  81|0x0000000785100000, 0x0000000785100000, 0x0000000785200000|  0%| F|  |TAMS 0x0000000785100000, 0x0000000785100000| Untracked 
|  82|0x0000000785200000, 0x0000000785200000, 0x0000000785300000|  0%| F|  |TAMS 0x0000000785200000, 0x0000000785200000| Untracked 
|  83|0x0000000785300000, 0x0000000785300000, 0x0000000785400000|  0%| F|  |TAMS 0x0000000785300000, 0x0000000785300000| Untracked 
|  84|0x0000000785400000, 0x0000000785400000, 0x0000000785500000|  0%| F|  |TAMS 0x0000000785400000, 0x0000000785400000| Untracked 
|  85|0x0000000785500000, 0x0000000785500000, 0x0000000785600000|  0%| F|  |TAMS 0x0000000785500000, 0x0000000785500000| Untracked 
|  86|0x0000000785600000, 0x0000000785600000, 0x0000000785700000|  0%| F|  |TAMS 0x0000000785600000, 0x0000000785600000| Untracked 
|  87|0x0000000785700000, 0x0000000785700000, 0x0000000785800000|  0%| F|  |TAMS 0x0000000785700000, 0x0000000785700000| Untracked 
|  88|0x0000000785800000, 0x0000000785800000, 0x0000000785900000|  0%| F|  |TAMS 0x0000000785800000, 0x0000000785800000| Untracked 
|  89|0x0000000785900000, 0x0000000785900000, 0x0000000785a00000|  0%| F|  |TAMS 0x0000000785900000, 0x0000000785900000| Untracked 
|  90|0x0000000785a00000, 0x0000000785a00000, 0x0000000785b00000|  0%| F|  |TAMS 0x0000000785a00000, 0x0000000785a00000| Untracked 
|  91|0x0000000785b00000, 0x0000000785b00000, 0x0000000785c00000|  0%| F|  |TAMS 0x0000000785b00000, 0x0000000785b00000| Untracked 
|  92|0x0000000785c00000, 0x0000000785c00000, 0x0000000785d00000|  0%| F|  |TAMS 0x0000000785c00000, 0x0000000785c00000| Untracked 
|  93|0x0000000785d00000, 0x0000000785d00000, 0x0000000785e00000|  0%| F|  |TAMS 0x0000000785d00000, 0x0000000785d00000| Untracked 
|  94|0x0000000785e00000, 0x0000000785e00000, 0x0000000785f00000|  0%| F|  |TAMS 0x0000000785e00000, 0x0000000785e00000| Untracked 
|  95|0x0000000785f00000, 0x0000000785f00000, 0x0000000786000000|  0%| F|  |TAMS 0x0000000785f00000, 0x0000000785f00000| Untracked 
|  96|0x0000000786000000, 0x0000000786000000, 0x0000000786100000|  0%| F|  |TAMS 0x0000000786000000, 0x0000000786000000| Untracked 
|  97|0x0000000786100000, 0x0000000786100000, 0x0000000786200000|  0%| F|  |TAMS 0x0000000786100000, 0x0000000786100000| Untracked 
|  98|0x0000000786200000, 0x0000000786200000, 0x0000000786300000|  0%| F|  |TAMS 0x0000000786200000, 0x0000000786200000| Untracked 
|  99|0x0000000786300000, 0x0000000786300000, 0x0000000786400000|  0%| F|  |TAMS 0x0000000786300000, 0x0000000786300000| Untracked 
| 100|0x0000000786400000, 0x0000000786400000, 0x0000000786500000|  0%| F|  |TAMS 0x0000000786400000, 0x0000000786400000| Untracked 
| 101|0x0000000786500000, 0x0000000786500000, 0x0000000786600000|  0%| F|  |TAMS 0x0000000786500000, 0x0000000786500000| Untracked 
| 102|0x0000000786600000, 0x0000000786600000, 0x0000000786700000|  0%| F|  |TAMS 0x0000000786600000, 0x0000000786600000| Untracked 
| 103|0x0000000786700000, 0x0000000786700000, 0x0000000786800000|  0%| F|  |TAMS 0x0000000786700000, 0x0000000786700000| Untracked 
| 104|0x0000000786800000, 0x0000000786800000, 0x0000000786900000|  0%| F|  |TAMS 0x0000000786800000, 0x0000000786800000| Untracked 
| 105|0x0000000786900000, 0x0000000786900000, 0x0000000786a00000|  0%| F|  |TAMS 0x0000000786900000, 0x0000000786900000| Untracked 
| 106|0x0000000786a00000, 0x0000000786a00000, 0x0000000786b00000|  0%| F|  |TAMS 0x0000000786a00000, 0x0000000786a00000| Untracked 
| 107|0x0000000786b00000, 0x0000000786b00000, 0x0000000786c00000|  0%| F|  |TAMS 0x0000000786b00000, 0x0000000786b00000| Untracked 
| 108|0x0000000786c00000, 0x0000000786c00000, 0x0000000786d00000|  0%| F|  |TAMS 0x0000000786c00000, 0x0000000786c00000| Untracked 
| 109|0x0000000786d00000, 0x0000000786d00000, 0x0000000786e00000|  0%| F|  |TAMS 0x0000000786d00000, 0x0000000786d00000| Untracked 
| 110|0x0000000786e00000, 0x0000000786e00000, 0x0000000786f00000|  0%| F|  |TAMS 0x0000000786e00000, 0x0000000786e00000| Untracked 
| 111|0x0000000786f00000, 0x0000000786f00000, 0x0000000787000000|  0%| F|  |TAMS 0x0000000786f00000, 0x0000000786f00000| Untracked 
| 112|0x0000000787000000, 0x0000000787000000, 0x0000000787100000|  0%| F|  |TAMS 0x0000000787000000, 0x0000000787000000| Untracked 
| 113|0x0000000787100000, 0x0000000787200000, 0x0000000787200000|100%| S|CS|TAMS 0x0000000787100000, 0x0000000787100000| Complete 
| 114|0x0000000787200000, 0x0000000787300000, 0x0000000787300000|100%| S|CS|TAMS 0x0000000787200000, 0x0000000787200000| Complete 
| 115|0x0000000787300000, 0x0000000787300000, 0x0000000787400000|  0%| F|  |TAMS 0x0000000787300000, 0x0000000787300000| Untracked 
| 116|0x0000000787400000, 0x0000000787400000, 0x0000000787500000|  0%| F|  |TAMS 0x0000000787400000, 0x0000000787400000| Untracked 
| 117|0x0000000787500000, 0x0000000787500000, 0x0000000787600000|  0%| F|  |TAMS 0x0000000787500000, 0x0000000787500000| Untracked 
| 118|0x0000000787600000, 0x0000000787600000, 0x0000000787700000|  0%| F|  |TAMS 0x0000000787600000, 0x0000000787600000| Untracked 
| 119|0x0000000787700000, 0x0000000787700000, 0x0000000787800000|  0%| F|  |TAMS 0x0000000787700000, 0x0000000787700000| Untracked 
| 120|0x0000000787800000, 0x0000000787800000, 0x0000000787900000|  0%| F|  |TAMS 0x0000000787800000, 0x0000000787800000| Untracked 
| 121|0x0000000787900000, 0x0000000787900000, 0x0000000787a00000|  0%| F|  |TAMS 0x0000000787900000, 0x0000000787900000| Untracked 
| 122|0x0000000787a00000, 0x0000000787a00000, 0x0000000787b00000|  0%| F|  |TAMS 0x0000000787a00000, 0x0000000787a00000| Untracked 
| 123|0x0000000787b00000, 0x0000000787b00000, 0x0000000787c00000|  0%| F|  |TAMS 0x0000000787b00000, 0x0000000787b00000| Untracked 
| 124|0x0000000787c00000, 0x0000000787c00000, 0x0000000787d00000|  0%| F|  |TAMS 0x0000000787c00000, 0x0000000787c00000| Untracked 
| 125|0x0000000787d00000, 0x0000000787d00000, 0x0000000787e00000|  0%| F|  |TAMS 0x0000000787d00000, 0x0000000787d00000| Untracked 
| 126|0x0000000787e00000, 0x0000000787e00800, 0x0000000787f00000|  0%| E|  |TAMS 0x0000000787e00000, 0x0000000787e00000| Complete 
| 127|0x0000000787f00000, 0x0000000788000000, 0x0000000788000000|100%| E|CS|TAMS 0x0000000787f00000, 0x0000000787f00000| Complete 
|1022|0x00000007bfe00000, 0x00000007bfe52000, 0x00000007bff00000| 32%|OA|  |TAMS 0x00000007bfe00000, 0x00000007bfe00000| Untracked 
|1023|0x00000007bff00000, 0x00000007bff7c000, 0x00000007c0000000| 48%|CA|  |TAMS 0x00000007bff00000, 0x00000007bff00000| Untracked 

Card table byte_map: [0x0000000109b27000,0x0000000109f27000] _byte_map_base: 0x0000000105f27000

Marking Bits (Prev, Next): (CMBitMap*) 0x00007f9b1c80a618, (CMBitMap*) 0x00007f9b1c80a658
 Prev Bits: [0x000000010a327000, 0x000000010c327000)
 Next Bits: [0x000000010c327000, 0x000000010e327000)

Polling page: 0x0000000107e77000

Metaspace:

Usage:
  Non-class:      7.79 MB capacity,     7.72 MB (>99%) used,    57.55 KB ( <1%) free+waste,    20.75 KB ( <1%) overhead. 
      Class:      1.08 MB capacity,   999.25 KB ( 91%) used,    89.19 KB (  8%) free+waste,    13.56 KB (  1%) overhead. 
       Both:      8.87 MB capacity,     8.69 MB ( 98%) used,   146.74 KB (  2%) free+waste,    34.31 KB ( <1%) overhead. 

Virtual space:
  Non-class space:        8.00 MB reserved,       8.00 MB (100%) committed 
      Class space:        1.00 GB reserved,       1.12 MB ( <1%) committed 
             Both:        1.01 GB reserved,       9.12 MB ( <1%) committed 

Chunk freelists:
   Non-Class:  37.00 KB
       Class:  14.00 KB
        Both:  51.00 KB

MaxMetaspaceSize: unlimited
CompressedClassSpaceSize: 1.00 GB

CodeHeap 'non-profiled nmethods': size=120032Kb used=623Kb max_used=623Kb free=119408Kb
 bounds [0x000000011ff03000, 0x0000000120173000, 0x000000012743b000]
CodeHeap 'profiled nmethods': size=120028Kb used=2581Kb max_used=2581Kb free=117446Kb
 bounds [0x00000001189cc000, 0x0000000118c5c000, 0x000000011ff03000]
CodeHeap 'non-nmethods': size=5700Kb used=1312Kb max_used=1358Kb free=4387Kb
 bounds [0x000000011843b000, 0x00000001186ab000, 0x00000001189cc000]
 total_blobs=2349 nmethods=1467 adapters=529
 compilation: enabled
              stopped_count=0, restarted_count=0
 full_count=0

Compilation events (20 events):
Event: 55.301 Thread 0x00007f9b1b06a800 1458       3       javax.swing.SwingUtilities::computeUnion (149 bytes)
Event: 55.301 Thread 0x00007f9b1b06a800 nmethod 1458 0x0000000118c4e710 code [0x0000000118c4e8a0, 0x0000000118c4eaf0]
Event: 55.308 Thread 0x00007f9b1b06a800 1459   !   3       java.lang.ref.ReferenceQueue::enqueue (119 bytes)
Event: 55.309 Thread 0x00007f9b1b06a800 nmethod 1459 0x0000000118c4ec10 code [0x0000000118c4ede0, 0x0000000118c4f5e0]
Event: 55.309 Thread 0x00007f9b1b06a800 1460       3       java.lang.ref.Reference::clear (6 bytes)
Event: 55.309 Thread 0x00007f9b1b06a800 nmethod 1460 0x0000000118c4f790 code [0x0000000118c4f920, 0x0000000118c4fa70]
Event: 55.309 Thread 0x00007f9b1b06a800 1461       3       java.lang.ref.ReferenceQueue::reallyPoll (65 bytes)
Event: 55.310 Thread 0x00007f9b1b06a800 nmethod 1461 0x0000000118c4fb10 code [0x0000000118c4fce0, 0x0000000118c50230]
Event: 55.310 Thread 0x00007f9b1b06a800 1462   !   3       java.lang.ref.ReferenceQueue::remove (125 bytes)
Event: 55.310 Thread 0x00007f9b1b06a800 nmethod 1462 0x0000000118c50310 code [0x0000000118c50520, 0x0000000118c50db0]
Event: 55.310 Thread 0x00007f9b1b06a800 1463       3       jdk.internal.misc.VM::addFinalRefCount (24 bytes)
Event: 55.310 Thread 0x00007f9b1b06a800 nmethod 1463 0x0000000118c51110 code [0x0000000118c512a0, 0x0000000118c513f0]
Event: 55.454 Thread 0x00007f9b1c043000 1464       4       java.awt.geom.Point2D$Double::<init> (15 bytes)
Event: 55.455 Thread 0x00007f9b1c043000 nmethod 1464 0x000000011ff9a890 code [0x000000011ff9aa00, 0x000000011ff9aa78]
Event: 55.494 Thread 0x00007f9b1c043000 1465   !   4       sun.lwawt.LWWindowPeer::getBlocker (43 bytes)
Event: 55.496 Thread 0x00007f9b1c043000 nmethod 1465 0x000000011ff9ab90 code [0x000000011ff9ad20, 0x000000011ff9af98]
Event: 55.516 Thread 0x00007f9b1c043000 1466       4       sun.lwawt.LWCursorManager::updateCursorImpl (93 bytes)
Event: 55.542 Thread 0x00007f9b1c043000 nmethod 1466 0x000000011ff9b090 code [0x000000011ff9b4a0, 0x000000011ff9cbd0]
Event: 55.542 Thread 0x00007f9b1c043000 1467       4       sun.lwawt.LWCursorManager::findComponent (114 bytes)
Event: 55.549 Thread 0x00007f9b1c043000 nmethod 1467 0x000000011ff9dc10 code [0x000000011ff9dec0, 0x000000011ff9e7a8]

GC Heap History (2 events):
Event: 55.302 GC heap before
{Heap before GC invocations=0 (full 0):
 garbage-first heap   total 133120K, used 14136K [0x0000000780000000, 0x0000000800000000)
  region size 1024K, 13 young (13312K), 0 survivors (0K)
 Metaspace       used 8896K, capacity 9081K, committed 9344K, reserved 1056768K
  class space    used 999K, capacity 1102K, committed 1152K, reserved 1048576K
}
Event: 55.307 GC heap after
{Heap after GC invocations=1 (full 0):
 garbage-first heap   total 133120K, used 4036K [0x0000000780000000, 0x0000000800000000)
  region size 1024K, 2 young (2048K), 2 survivors (2048K)
 Metaspace       used 8896K, capacity 9081K, committed 9344K, reserved 1056768K
  class space    used 999K, capacity 1102K, committed 1152K, reserved 1048576K
}

Deoptimization events (20 events):
Event: 7.002 Thread 0x00007f9b1c8da000 Uncommon trap: trap_request=0xffffffde fr.pc=0x000000011ff219dc relative=0x00000000000001bc
Event: 7.002 Thread 0x00007f9b1c8da000 Uncommon trap: reason=class_check action=maybe_recompile pc=0x000000011ff219dc method=java.lang.String.equals(Ljava/lang/Object;)Z @ 8 c2
Event: 7.002 Thread 0x00007f9b1c8da000 DEOPT PACKING pc=0x000000011ff219dc sp=0x00007000092809d0
Event: 7.002 Thread 0x00007f9b1c8da000 DEOPT UNPACKING pc=0x0000000118483e25 sp=0x0000700009280988 mode 2
Event: 7.002 Thread 0x00007f9b1c8da000 Uncommon trap: trap_request=0xffffffde fr.pc=0x000000011ff219dc relative=0x00000000000001bc
Event: 7.002 Thread 0x00007f9b1c8da000 Uncommon trap: reason=class_check action=maybe_recompile pc=0x000000011ff219dc method=java.lang.String.equals(Ljava/lang/Object;)Z @ 8 c2
Event: 7.002 Thread 0x00007f9b1c8da000 DEOPT PACKING pc=0x000000011ff219dc sp=0x00007000092809d0
Event: 7.002 Thread 0x00007f9b1c8da000 DEOPT UNPACKING pc=0x0000000118483e25 sp=0x0000700009280988 mode 2
Event: 31.002 Thread 0x00007f9b1c8da000 Uncommon trap: trap_request=0xffffff45 fr.pc=0x000000011ff5620c relative=0x0000000000000f4c
Event: 31.002 Thread 0x00007f9b1c8da000 Uncommon trap: reason=unstable_if action=reinterpret pc=0x000000011ff5620c method=java.awt.Container.getMouseEventTargetImpl(IIZLjava/awt/Container$EventTargetFilter;ZZ)Ljava/awt/Component; @ 218 c2
Event: 31.002 Thread 0x00007f9b1c8da000 DEOPT PACKING pc=0x000000011ff5620c sp=0x0000700009281280
Event: 31.002 Thread 0x00007f9b1c8da000 DEOPT UNPACKING pc=0x0000000118483e25 sp=0x0000700009281188 mode 2
Event: 37.669 Thread 0x00007f9b1c8da000 Uncommon trap: trap_request=0xffffff45 fr.pc=0x000000011ff58530 relative=0x00000000000009b0
Event: 37.669 Thread 0x00007f9b1c8da000 Uncommon trap: reason=unstable_if action=reinterpret pc=0x000000011ff58530 method=java.awt.Container.getMouseEventTargetImpl(IIZLjava/awt/Container$EventTargetFilter;ZZ)Ljava/awt/Component; @ 218 c2
Event: 37.669 Thread 0x00007f9b1c8da000 DEOPT PACKING pc=0x000000011ff58530 sp=0x0000700009281220
Event: 37.669 Thread 0x00007f9b1c8da000 DEOPT UNPACKING pc=0x0000000118483e25 sp=0x0000700009281198 mode 2
Event: 51.207 Thread 0x00007f9b1c8da000 Uncommon trap: trap_request=0xffffff45 fr.pc=0x000000011ff5d89c relative=0x000000000000257c
Event: 51.208 Thread 0x00007f9b1c8da000 Uncommon trap: reason=unstable_if action=reinterpret pc=0x000000011ff5d89c method=java.awt.EventQueue.postEvent(Ljava/awt/AWTEvent;I)V @ 6 c2
Event: 51.208 Thread 0x00007f9b1c8da000 DEOPT PACKING pc=0x000000011ff5d89c sp=0x0000700009281700
Event: 51.208 Thread 0x00007f9b1c8da000 DEOPT UNPACKING pc=0x0000000118483e25 sp=0x00007000092815f8 mode 2

Classes unloaded (0 events):
No events

Classes redefined (0 events):
No events

Internal exceptions (19 events):
Event: 0.101 Thread 0x00007f9b1c809800 Exception <a 'java/lang/ClassNotFoundException'{0x0000000787f9ca48}: sun/awt/resources/spi/awtProvider> (0x0000000787f9ca48) 
thrown [./src/hotspot/share/classfile/systemDictionary.cpp, line 226]
Event: 0.154 Thread 0x00007f9b1c809800 Exception <a 'java/io/FileNotFoundException'{0x0000000787fed948}> (0x0000000787fed948) 
thrown [./src/hotspot/share/prims/jni.cpp, line 599]
Event: 0.172 Thread 0x00007f9b1c809800 Exception <a 'java/io/FileNotFoundException'{0x0000000787e14080}> (0x0000000787e14080) 
thrown [./src/hotspot/share/prims/jni.cpp, line 599]
Event: 0.180 Thread 0x00007f9b1c809800 Exception <a 'java/lang/ClassNotFoundException'{0x0000000787e1ad98}: sun/awt/resources/spi/awtosxProvider> (0x0000000787e1ad98) 
thrown [./src/hotspot/share/classfile/systemDictionary.cpp, line 226]
Event: 0.721 Thread 0x00007f9b1c8da000 Exception <a 'java/lang/NoSuchMethodError'{0x0000000787dd2780}: 'void java.lang.invoke.DirectMethodHandle$Holder.invokeStaticInit(java.lang.Object)'> (0x0000000787dd2780) 
thrown [./src/hotspot/share/interpreter/linkResolver.cpp, line 766]
Event: 0.741 Thread 0x00007f9b1c8da000 Exception <a 'java/lang/NoSuchMethodError'{0x0000000787df7da0}: 'java.lang.Object java.lang.invoke.DirectMethodHandle$Holder.invokeStatic(java.lang.Object, int, java.lang.Object, java.lang.Object, java.lang.Object, java.lang.Object)'> (0x0000000787df7da0) 
thrown [./src/hotspot/share/interpreter/linkResolver.cpp, line 766]
Event: 0.742 Thread 0x00007f9b1c8da000 Exception <a 'java/lang/NoSuchMethodError'{0x0000000787dfe6c0}: 'java.lang.Object java.lang.invoke.DirectMethodHandle$Holder.invokeStatic(java.lang.Object, int, java.lang.Object, java.lang.Object, java.lang.Object)'> (0x0000000787dfe6c0) 
thrown [./src/hotspot/share/interpreter/linkResolver.cpp, line 766]
Event: 0.743 Thread 0x00007f9b1c8da000 Exception <a 'java/lang/NoSuchMethodError'{0x0000000787c025a0}: 'java.lang.Object java.lang.invoke.DirectMethodHandle$Holder.invokeSpecial(java.lang.Object, java.lang.Object, int, java.lang.Object, java.lang.Object, java.lang.Object)'> (0x0000000787c025a0) 
thrown [./src/hotspot/share/interpreter/linkResolver.cpp, line 766]
Event: 0.755 Thread 0x00007f9b1c8da000 Exception <a 'java/lang/ClassNotFoundException'{0x0000000787c425b8}: com/apple/laf/resources/spi/aquaProvider> (0x0000000787c425b8) 
thrown [./src/hotspot/share/classfile/systemDictionary.cpp, line 226]
Event: 0.798 Thread 0x00007f9b1c8da000 Exception <a 'java/lang/ClassNotFoundException'{0x0000000787ca5e08}: com/sun/swing/internal/plaf/basic/resources/spi/basicProvider> (0x0000000787ca5e08) 
thrown [./src/hotspot/share/classfile/systemDictionary.cpp, line 226]
Event: 2.154 Thread 0x00007f9b1c8da000 Exception <a 'java/lang/NoSuchMethodError'{0x0000000787bf71c8}: 'java.lang.Object java.lang.invoke.Invokers$Holder.linkToTargetMethod(java.lang.Object, java.lang.Object, int, java.lang.Object, java.lang.Object)'> (0x0000000787bf71c8) 
thrown [./src/hotspot/share/interpreter/linkResolver.cpp, line 766]
Event: 2.179 Thread 0x00007f9b1c8da000 Exception <a 'java/lang/NoSuchMethodError'{0x0000000787bfa7e0}: 'void java.lang.invoke.DirectMethodHandle$Holder.invokeStatic(java.lang.Object, int, long)'> (0x0000000787bfa7e0) 
thrown [./src/hotspot/share/interpreter/linkResolver.cpp, line 766]
Event: 2.182 Thread 0x00007f9b1c8da000 Exception <a 'java/lang/NoSuchMethodError'{0x0000000787a45450}: 'void java.lang.invoke.DirectMethodHandle$Holder.invokeSpecial(java.lang.Object, java.lang.Object)'> (0x0000000787a45450) 
thrown [./src/hotspot/share/interpreter/linkResolver.cpp, line 766]
Event: 2.185 Thread 0x00007f9b1c8da000 Exception <a 'java/lang/NoSuchMethodError'{0x0000000787a55a10}: 'java.lang.Object java.lang.invoke.Invokers$Holder.linkToTargetMethod(int, int, int, int, java.lang.Object)'> (0x0000000787a55a10) 
thrown [./src/hotspot/share/interpreter/linkResolver.cpp, line 766]
Event: 2.187 Thread 0x00007f9b1c8da000 Exception <a 'java/lang/NoSuchMethodError'{0x0000000787a587e0}: 'void java.lang.invoke.DirectMethodHandle$Holder.invokeStatic(java.lang.Object, java.lang.Object, long)'> (0x0000000787a587e0) 
thrown [./src/hotspot/share/interpreter/linkResolver.cpp, line 766]
Event: 2.196 Thread 0x00007f9b1b094800 Exception <a 'java/lang/NoSuchMethodError'{0x0000000787a924e0}: 'void java.lang.invoke.DirectMethodHandle$Holder.invokeSpecial(java.lang.Object, java.lang.Object, long)'> (0x0000000787a924e0) 
thrown [./src/hotspot/share/interpreter/linkResolver.cpp, line 766]
Event: 2.226 Thread 0x00007f9b1c8da000 Exception <a 'java/lang/NoSuchMethodError'{0x0000000787a6e130}: 'void java.lang.invoke.DirectMethodHandle$Holder.invokeStatic(java.lang.Object, long, long)'> (0x0000000787a6e130) 
thrown [./src/hotspot/share/interpreter/linkResolver.cpp, line 766]
Event: 2.229 Thread 0x00007f9b1c8da000 Exception <a 'java/lang/NoSuchMethodError'{0x0000000787a79648}: 'java.lang.Object java.lang.invoke.Invokers$Holder.linkToTargetMethod(java.lang.Object, int, java.lang.Object)'> (0x0000000787a79648) 
thrown [./src/hotspot/share/interpreter/linkResolver.cpp, line 766]
Event: 2.245 Thread 0x00007f9b1c8da000 Exception <a 'java/lang/NoSuchMethodError'{0x0000000787a7e800}: 'void java.lang.invoke.DirectMethodHandle$Holder.invokeStatic(java.lang.Object, long)'> (0x0000000787a7e800) 
thrown [./src/hotspot/share/interpreter/linkResolver.cpp, line 766]

Events (20 events):
Event: 55.309 Executing VM operation: HandshakeOneThread
Event: 55.309 Executing VM operation: HandshakeOneThread done
Event: 55.309 Executing VM operation: HandshakeOneThread
Event: 55.309 Executing VM operation: HandshakeOneThread done
Event: 55.309 Executing VM operation: HandshakeOneThread
Event: 55.309 Executing VM operation: HandshakeOneThread done
Event: 55.309 Executing VM operation: HandshakeOneThread
Event: 55.309 Executing VM operation: HandshakeOneThread done
Event: 55.309 Executing VM operation: HandshakeOneThread
Event: 55.309 Executing VM operation: HandshakeOneThread done
Event: 55.309 Executing VM operation: HandshakeOneThread
Event: 55.309 Executing VM operation: HandshakeOneThread done
Event: 55.309 Executing VM operation: HandshakeOneThread
Event: 55.309 Executing VM operation: HandshakeOneThread done
Event: 55.309 Executing VM operation: HandshakeOneThread
Event: 55.309 Executing VM operation: HandshakeOneThread done
Event: 55.309 Executing VM operation: HandshakeOneThread
Event: 55.309 Executing VM operation: HandshakeOneThread done
Event: 55.309 Executing VM operation: BulkRevokeBias
Event: 55.309 Executing VM operation: BulkRevokeBias done


Dynamic libraries:
0x00007fff6832f000 	/usr/lib/libz.1.dylib
0x0000000107e4d000 	/usr/local/Cellar/openjdk/14.0.1/libexec/openjdk.jdk/Contents/Home/lib/libjli.dylib
0x00007fff2de4e000 	/System/Library/Frameworks/Cocoa.framework/Versions/A/Cocoa
0x00007fff3b645000 	/System/Library/Frameworks/Security.framework/Versions/A/Security
0x00007fff2cdb3000 	/System/Library/Frameworks/ApplicationServices.framework/Versions/A/ApplicationServices
0x00007fff65df3000 	/usr/lib/libSystem.B.dylib
0x00007fff68bf0000 	/usr/lib/system/libcache.dylib
0x00007fff68bf6000 	/usr/lib/system/libcommonCrypto.dylib
0x00007fff68c02000 	/usr/lib/system/libcompiler_rt.dylib
0x00007fff68c0a000 	/usr/lib/system/libcopyfile.dylib
0x00007fff68c14000 	/usr/lib/system/libcorecrypto.dylib
0x00007fff68db3000 	/usr/lib/system/libdispatch.dylib
0x00007fff68df4000 	/usr/lib/system/libdyld.dylib
0x00007fff68e2b000 	/usr/lib/system/libkeymgr.dylib
0x00007fff68e39000 	/usr/lib/system/liblaunch.dylib
0x00007fff68e3a000 	/usr/lib/system/libmacho.dylib
0x00007fff68e40000 	/usr/lib/system/libquarantine.dylib
0x00007fff68e43000 	/usr/lib/system/libremovefile.dylib
0x00007fff68e45000 	/usr/lib/system/libsystem_asl.dylib
0x00007fff68e5d000 	/usr/lib/system/libsystem_blocks.dylib
0x00007fff68e5e000 	/usr/lib/system/libsystem_c.dylib
0x00007fff68ee6000 	/usr/lib/system/libsystem_configuration.dylib
0x00007fff68eea000 	/usr/lib/system/libsystem_coreservices.dylib
0x00007fff68eee000 	/usr/lib/system/libsystem_darwin.dylib
0x00007fff68ef7000 	/usr/lib/system/libsystem_dnssd.dylib
0x00007fff68eff000 	/usr/lib/system/libsystem_featureflags.dylib
0x00007fff68f01000 	/usr/lib/system/libsystem_info.dylib
0x00007fff68f7c000 	/usr/lib/system/libsystem_m.dylib
0x00007fff68fc4000 	/usr/lib/system/libsystem_malloc.dylib
0x00007fff68fec000 	/usr/lib/system/libsystem_networkextension.dylib
0x00007fff68ffa000 	/usr/lib/system/libsystem_notify.dylib
0x00007fff69018000 	/usr/lib/system/libsystem_sandbox.dylib
0x00007fff6901d000 	/usr/lib/system/libsystem_secinit.dylib
0x00007fff68f4f000 	/usr/lib/system/libsystem_kernel.dylib
0x00007fff69004000 	/usr/lib/system/libsystem_platform.dylib
0x00007fff6900d000 	/usr/lib/system/libsystem_pthread.dylib
0x00007fff69020000 	/usr/lib/system/libsystem_symptoms.dylib
0x00007fff69028000 	/usr/lib/system/libsystem_trace.dylib
0x00007fff69040000 	/usr/lib/system/libunwind.dylib
0x00007fff69046000 	/usr/lib/system/libxpc.dylib
0x00007fff67c53000 	/usr/lib/libobjc.A.dylib
0x00007fff6612c000 	/usr/lib/libc++abi.dylib
0x00007fff660d9000 	/usr/lib/libc++.1.dylib
0x00007fff2ecf0000 	/System/Library/Frameworks/CoreFoundation.framework/Versions/A/CoreFoundation
0x00007fff313ad000 	/System/Library/Frameworks/Foundation.framework/Versions/C/Foundation
0x00007fff2bfa3000 	/System/Library/Frameworks/AppKit.framework/Versions/C/AppKit
0x00007fff2e7d2000 	/System/Library/Frameworks/CoreData.framework/Versions/A/CoreData
0x00007fff5fe09000 	/System/Library/PrivateFrameworks/UIFoundation.framework/Versions/A/UIFoundation
0x00007fff5ae9d000 	/System/Library/PrivateFrameworks/RemoteViewServices.framework/Versions/A/RemoteViewServices
0x00007fff62963000 	/System/Library/PrivateFrameworks/XCTTargetBootstrap.framework/Versions/A/XCTTargetBootstrap
0x00007fff2ebbd000 	/System/Library/Frameworks/CoreDisplay.framework/Versions/A/CoreDisplay
0x00007fff34267000 	/System/Library/Frameworks/Metal.framework/Versions/A/Metal
0x00007fff48e5e000 	/System/Library/PrivateFrameworks/DesktopServicesPriv.framework/Versions/A/DesktopServicesPriv
0x00007fff66f2e000 	/usr/lib/liblangid.dylib
0x00007fff480f3000 	/System/Library/PrivateFrameworks/CoreSVG.framework/Versions/A/CoreSVG
0x00007fff5dff9000 	/System/Library/PrivateFrameworks/SkyLight.framework/Versions/A/SkyLight
0x00007fff2f171000 	/System/Library/Frameworks/CoreGraphics.framework/Versions/A/CoreGraphics
0x00007fff2a977000 	/System/Library/Frameworks/Accelerate.framework/Versions/A/Accelerate
0x00007fff68220000 	/usr/lib/libxml2.2.dylib
0x00007fff53dfc000 	/System/Library/PrivateFrameworks/IconServices.framework/Versions/A/IconServices
0x00007fff31b8c000 	/System/Library/Frameworks/IOSurface.framework/Versions/A/IOSurface
0x00007fff6591d000 	/usr/lib/libDiagnosticMessagesClient.dylib
0x00007fff48cb8000 	/System/Library/PrivateFrameworks/DFRFoundation.framework/Versions/A/DFRFoundation
0x00007fff66cbd000 	/usr/lib/libicucore.A.dylib
0x00007fff2d0e5000 	/System/Library/Frameworks/AudioToolbox.framework/Versions/A/AudioToolbox
0x00007fff2d1c8000 	/System/Library/Frameworks/AudioUnit.framework/Versions/A/AudioUnit
0x00007fff65ff5000 	/usr/lib/libauto.dylib
0x00007fff48d5a000 	/System/Library/PrivateFrameworks/DataDetectorsCore.framework/Versions/A/DataDetectorsCore
0x00007fff2d96f000 	/System/Library/Frameworks/Carbon.framework/Versions/A/Frameworks/HIToolbox.framework/Versions/A/HIToolbox
0x00007fff3a83f000 	/System/Library/Frameworks/QuartzCore.framework/Versions/A/QuartzCore
0x00007fff2dcae000 	/System/Library/Frameworks/Carbon.framework/Versions/A/Frameworks/SpeechRecognition.framework/Versions/A/SpeechRecognition
0x00007fff487cc000 	/System/Library/PrivateFrameworks/CoreUI.framework/Versions/A/CoreUI
0x00007fff2e23d000 	/System/Library/Frameworks/CoreAudio.framework/Versions/A/CoreAudio
0x00007fff3106c000 	/System/Library/Frameworks/DiskArbitration.framework/Versions/A/DiskArbitration
0x00007fff55e78000 	/System/Library/PrivateFrameworks/MultitouchSupport.framework/Versions/A/MultitouchSupport
0x00007fff66b84000 	/usr/lib/libenergytrace.dylib
0x00007fff31ae6000 	/System/Library/Frameworks/IOKit.framework/Versions/A/IOKit
0x00007fff300d8000 	/System/Library/Frameworks/CoreServices.framework/Versions/A/CoreServices
0x00007fff58030000 	/System/Library/PrivateFrameworks/PerformanceAnalysis.framework/Versions/A/PerformanceAnalysis
0x00007fff39872000 	/System/Library/Frameworks/OpenGL.framework/Versions/A/OpenGL
0x00007fff2de5c000 	/System/Library/Frameworks/ColorSync.framework/Versions/A/ColorSync
0x00007fff2f7f4000 	/System/Library/Frameworks/CoreImage.framework/Versions/A/CoreImage
0x00007fff30b4b000 	/System/Library/Frameworks/CoreText.framework/Versions/A/CoreText
0x00007fff31c1c000 	/System/Library/Frameworks/ImageIO.framework/Versions/A/ImageIO
0x00007fff66155000 	/usr/lib/libcompression.dylib
0x00007fff65c61000 	/usr/lib/libMobileGestalt.dylib
0x00007fff5fb73000 	/System/Library/PrivateFrameworks/TextureIO.framework/Versions/A/TextureIO
0x00007fff65f58000 	/usr/lib/libate.dylib
0x00007fff54005000 	/System/Library/PrivateFrameworks/InternationalSupport.framework/Versions/A/InternationalSupport
0x00007fff66f30000 	/usr/lib/liblzma.5.dylib
0x00007fff66bab000 	/usr/lib/libfakelink.dylib
0x00007fff65ee5000 	/usr/lib/libarchive.2.dylib
0x00007fff3c6f6000 	/System/Library/Frameworks/SystemConfiguration.framework/Versions/A/SystemConfiguration
0x00007fff65850000 	/usr/lib/libCRFSuite.dylib
0x00007fff2d55f000 	/System/Library/Frameworks/CFNetwork.framework/Versions/A/CFNetwork
0x00007fff660bb000 	/usr/lib/libbsm.0.dylib
0x00007fff68e2c000 	/usr/lib/system/libkxld.dylib
0x00007fff42635000 	/System/Library/PrivateFrameworks/AppleFSCompression.framework/Versions/A/AppleFSCompression
0x00007fff66446000 	/usr/lib/libcoretls.dylib
0x00007fff6645d000 	/usr/lib/libcoretls_cfhelpers.dylib
0x00007fff67c99000 	/usr/lib/libpam.2.dylib
0x00007fff67dce000 	/usr/lib/libsqlite3.dylib
0x00007fff6820d000 	/usr/lib/libxar.1.dylib
0x00007fff660cc000 	/usr/lib/libbz2.1.0.dylib
0x00007fff66bcc000 	/usr/lib/libiconv.2.dylib
0x00007fff66142000 	/usr/lib/libcharset.1.dylib
0x00007fff67736000 	/usr/lib/libnetwork.dylib
0x00007fff67ca0000 	/usr/lib/libpcap.A.dylib
0x00007fff65e9a000 	/usr/lib/libapple_nghttp2.dylib
0x00007fff3048f000 	/System/Library/Frameworks/CoreServices.framework/Versions/A/Frameworks/FSEvents.framework/Versions/A/FSEvents
0x00007fff3015f000 	/System/Library/Frameworks/CoreServices.framework/Versions/A/Frameworks/CarbonCore.framework/Versions/A/CarbonCore
0x00007fff306d3000 	/System/Library/Frameworks/CoreServices.framework/Versions/A/Frameworks/Metadata.framework/Versions/A/Metadata
0x00007fff3076c000 	/System/Library/Frameworks/CoreServices.framework/Versions/A/Frameworks/OSServices.framework/Versions/A/OSServices
0x00007fff3079a000 	/System/Library/Frameworks/CoreServices.framework/Versions/A/Frameworks/SearchKit.framework/Versions/A/SearchKit
0x00007fff300d9000 	/System/Library/Frameworks/CoreServices.framework/Versions/A/Frameworks/AE.framework/Versions/A/AE
0x00007fff30498000 	/System/Library/Frameworks/CoreServices.framework/Versions/A/Frameworks/LaunchServices.framework/Versions/A/LaunchServices
0x00007fff30441000 	/System/Library/Frameworks/CoreServices.framework/Versions/A/Frameworks/DictionaryServices.framework/Versions/A/DictionaryServices
0x00007fff30802000 	/System/Library/Frameworks/CoreServices.framework/Versions/A/Frameworks/SharedFileList.framework/Versions/A/SharedFileList
0x00007fff35691000 	/System/Library/Frameworks/NetFS.framework/Versions/A/NetFS
0x00007fff563a8000 	/System/Library/PrivateFrameworks/NetAuth.framework/Versions/A/NetAuth
0x00007fff62d30000 	/System/Library/PrivateFrameworks/login.framework/Versions/A/Frameworks/loginsupport.framework/Versions/A/loginsupport
0x00007fff5f63e000 	/System/Library/PrivateFrameworks/TCC.framework/Versions/A/TCC
0x00007fff47266000 	/System/Library/PrivateFrameworks/CoreNLP.framework/Versions/A/CoreNLP
0x00007fff55879000 	/System/Library/PrivateFrameworks/MetadataUtilities.framework/Versions/A/MetadataUtilities
0x00007fff67008000 	/usr/lib/libmecabra.dylib
0x00007fff66f60000 	/usr/lib/libmecab.dylib
0x00007fff66bbc000 	/usr/lib/libgermantok.dylib
0x00007fff65e81000 	/usr/lib/libThaiTokenizer.dylib
0x00007fff65887000 	/usr/lib/libChineseTokenizer.dylib
0x00007fff2a98f000 	/System/Library/Frameworks/Accelerate.framework/Versions/A/Frameworks/vImage.framework/Versions/A/vImage
0x00007fff2bdf9000 	/System/Library/Frameworks/Accelerate.framework/Versions/A/Frameworks/vecLib.framework/Versions/A/vecLib
0x00007fff2bd36000 	/System/Library/Frameworks/Accelerate.framework/Versions/A/Frameworks/vecLib.framework/Versions/A/libvMisc.dylib
0x00007fff2bb5e000 	/System/Library/Frameworks/Accelerate.framework/Versions/A/Frameworks/vecLib.framework/Versions/A/libvDSP.dylib
0x00007fff2afe6000 	/System/Library/Frameworks/Accelerate.framework/Versions/A/Frameworks/vecLib.framework/Versions/A/libBLAS.dylib
0x00007fff2b722000 	/System/Library/Frameworks/Accelerate.framework/Versions/A/Frameworks/vecLib.framework/Versions/A/libLAPACK.dylib
0x00007fff2babe000 	/System/Library/Frameworks/Accelerate.framework/Versions/A/Frameworks/vecLib.framework/Versions/A/libLinearAlgebra.dylib
0x00007fff2bb4b000 	/System/Library/Frameworks/Accelerate.framework/Versions/A/Frameworks/vecLib.framework/Versions/A/libSparseBLAS.dylib
0x00007fff2bad4000 	/System/Library/Frameworks/Accelerate.framework/Versions/A/Frameworks/vecLib.framework/Versions/A/libQuadrature.dylib
0x00007fff2b24e000 	/System/Library/Frameworks/Accelerate.framework/Versions/A/Frameworks/vecLib.framework/Versions/A/libBNNS.dylib
0x00007fff2bada000 	/System/Library/Frameworks/Accelerate.framework/Versions/A/Frameworks/vecLib.framework/Versions/A/libSparse.dylib
0x00007fff543ed000 	/System/Library/PrivateFrameworks/LanguageModeling.framework/Versions/A/LanguageModeling
0x00007fff46c16000 	/System/Library/PrivateFrameworks/CoreEmoji.framework/Versions/A/CoreEmoji
0x00007fff5450b000 	/System/Library/PrivateFrameworks/LinguisticData.framework/Versions/A/LinguisticData
0x00007fff544bc000 	/System/Library/PrivateFrameworks/Lexicon.framework/Versions/A/Lexicon
0x00007fff66143000 	/usr/lib/libcmph.dylib
0x00007fff38280000 	/System/Library/Frameworks/OpenDirectory.framework/Versions/A/Frameworks/CFOpenDirectory.framework/Versions/A/CFOpenDirectory
0x00007fff3829d000 	/System/Library/Frameworks/OpenDirectory.framework/Versions/A/OpenDirectory
0x00007fff406e0000 	/System/Library/PrivateFrameworks/APFS.framework/Versions/A/APFS
0x00007fff3b98f000 	/System/Library/Frameworks/SecurityFoundation.framework/Versions/A/SecurityFoundation
0x00007fff68209000 	/usr/lib/libutil.dylib
0x00007fff4814b000 	/System/Library/PrivateFrameworks/CoreServicesStore.framework/Versions/A/CoreServicesStore
0x00007fff3ba46000 	/System/Library/Frameworks/ServiceManagement.framework/Versions/A/ServiceManagement
0x00007fff43e05000 	/System/Library/PrivateFrameworks/BackgroundTaskManagement.framework/Versions/A/BackgroundTaskManagement
0x00007fff68306000 	/usr/lib/libxslt.1.dylib
0x00007fff42ca8000 	/System/Library/PrivateFrameworks/AppleSystemInfo.framework/Versions/A/AppleSystemInfo
0x00007fff31e37000 	/System/Library/Frameworks/ImageIO.framework/Versions/A/Resources/libJPEG.dylib
0x00007fff320f5000 	/System/Library/Frameworks/ImageIO.framework/Versions/A/Resources/libTIFF.dylib
0x00007fff320d8000 	/System/Library/Frameworks/ImageIO.framework/Versions/A/Resources/libPng.dylib
0x00007fff31d79000 	/System/Library/Frameworks/ImageIO.framework/Versions/A/Resources/libGIF.dylib
0x00007fff31d7d000 	/System/Library/Frameworks/ImageIO.framework/Versions/A/Resources/libJP2.dylib
0x00007fff320f3000 	/System/Library/Frameworks/ImageIO.framework/Versions/A/Resources/libRadiance.dylib
0x00007fff66b85000 	/usr/lib/libexpat.1.dylib
0x00007fff42790000 	/System/Library/PrivateFrameworks/AppleJPEG.framework/Versions/A/AppleJPEG
0x00007fff4b461000 	/System/Library/PrivateFrameworks/FontServices.framework/libFontParser.dylib
0x00007fff61d32000 	/System/Library/PrivateFrameworks/WatchdogClient.framework/Versions/A/WatchdogClient
0x00007fff53a48000 	/System/Library/PrivateFrameworks/IOAccelerator.framework/Versions/A/IOAccelerator
0x00007fff34602000 	/System/Library/Frameworks/MetalPerformanceShaders.framework/Versions/A/MetalPerformanceShaders
0x00007fff501de000 	/System/Library/PrivateFrameworks/GPUWrangler.framework/Versions/A/GPUWrangler
0x00007fff53a5d000 	/System/Library/PrivateFrameworks/IOPresentment.framework/Versions/A/IOPresentment
0x00007fff48ccb000 	/System/Library/PrivateFrameworks/DSExternalDisplay.framework/Versions/A/DSExternalDisplay
0x00007fff38c11000 	/System/Library/Frameworks/OpenGL.framework/Versions/A/Libraries/libCoreFSCache.dylib
0x00007fff3434e000 	/System/Library/Frameworks/MetalPerformanceShaders.framework/Frameworks/MPSCore.framework/Versions/A/MPSCore
0x00007fff3438c000 	/System/Library/Frameworks/MetalPerformanceShaders.framework/Frameworks/MPSImage.framework/Versions/A/MPSImage
0x00007fff34453000 	/System/Library/Frameworks/MetalPerformanceShaders.framework/Frameworks/MPSNeuralNetwork.framework/Versions/A/MPSNeuralNetwork
0x00007fff34417000 	/System/Library/Frameworks/MetalPerformanceShaders.framework/Frameworks/MPSMatrix.framework/Versions/A/MPSMatrix
0x00007fff345b2000 	/System/Library/Frameworks/MetalPerformanceShaders.framework/Frameworks/MPSRayIntersector.framework/Versions/A/MPSRayIntersector
0x00007fff3443d000 	/System/Library/Frameworks/MetalPerformanceShaders.framework/Frameworks/MPSNDArray.framework/Versions/A/MPSNDArray
0x00007fff558c6000 	/System/Library/PrivateFrameworks/MetalTools.framework/Versions/A/MetalTools
0x00007fff418ba000 	/System/Library/PrivateFrameworks/AggregateDictionary.framework/Versions/A/AggregateDictionary
0x00007fff4665e000 	/System/Library/PrivateFrameworks/CoreAnalytics.framework/Versions/A/CoreAnalytics
0x00007fff42bc7000 	/System/Library/PrivateFrameworks/AppleSauce.framework/Versions/A/AppleSauce
0x00007fff65b43000 	/usr/lib/libIOReport.dylib
0x00007fff30d03000 	/System/Library/Frameworks/CoreVideo.framework/Versions/A/CoreVideo
0x00007fff51657000 	/System/Library/PrivateFrameworks/GraphVisualizer.framework/Versions/A/GraphVisualizer
0x00007fff4a9a7000 	/System/Library/PrivateFrameworks/FaceCore.framework/Versions/A/FaceCore
0x00007fff38227000 	/System/Library/Frameworks/OpenCL.framework/Versions/A/OpenCL
0x00007fff65965000 	/usr/lib/libFosl_dynamic.dylib
0x00007fff56dc8000 	/System/Library/PrivateFrameworks/OTSVG.framework/Versions/A/OTSVG
0x00007fff2ceb8000 	/System/Library/Frameworks/ApplicationServices.framework/Versions/A/Frameworks/ATS.framework/Versions/A/Resources/libFontRegistry.dylib
0x00007fff4b632000 	/System/Library/PrivateFrameworks/FontServices.framework/libhvf.dylib
0x00007fff38c1c000 	/System/Library/Frameworks/OpenGL.framework/Versions/A/Libraries/libGFXShared.dylib
0x00007fff38dfa000 	/System/Library/Frameworks/OpenGL.framework/Versions/A/Libraries/libGLU.dylib
0x00007fff38c25000 	/System/Library/Frameworks/OpenGL.framework/Versions/A/Libraries/libGL.dylib
0x00007fff38c30000 	/System/Library/Frameworks/OpenGL.framework/Versions/A/Libraries/libGLImage.dylib
0x00007fff38c0e000 	/System/Library/Frameworks/OpenGL.framework/Versions/A/Libraries/libCVMSPluginSupport.dylib
0x00007fff38c17000 	/System/Library/Frameworks/OpenGL.framework/Versions/A/Libraries/libCoreVMClient.dylib
0x00007fff675d7000 	/usr/lib/libncurses.5.4.dylib
0x00007fff2cdb4000 	/System/Library/Frameworks/ApplicationServices.framework/Versions/A/Frameworks/ATS.framework/Versions/A/ATS
0x00007fff2cf81000 	/System/Library/Frameworks/ApplicationServices.framework/Versions/A/Frameworks/ColorSyncLegacy.framework/Versions/A/ColorSyncLegacy
0x00007fff2d01f000 	/System/Library/Frameworks/ApplicationServices.framework/Versions/A/Frameworks/HIServices.framework/Versions/A/HIServices
0x00007fff2d077000 	/System/Library/Frameworks/ApplicationServices.framework/Versions/A/Frameworks/LangAnalysis.framework/Versions/A/LangAnalysis
0x00007fff2d086000 	/System/Library/Frameworks/ApplicationServices.framework/Versions/A/Frameworks/PrintCore.framework/Versions/A/PrintCore
0x00007fff2d0cc000 	/System/Library/Frameworks/ApplicationServices.framework/Versions/A/Frameworks/QD.framework/Versions/A/QD
0x00007fff2d0d7000 	/System/Library/Frameworks/ApplicationServices.framework/Versions/A/Frameworks/SpeechSynthesis.framework/Versions/A/SpeechSynthesis
0x00007fff2cf51000 	/System/Library/Frameworks/ApplicationServices.framework/Versions/A/Frameworks/ATSUI.framework/Versions/A/ATSUI
0x00007fff66a1b000 	/usr/lib/libcups.2.dylib
0x00007fff3369d000 	/System/Library/Frameworks/Kerberos.framework/Versions/A/Kerberos
0x00007fff317df000 	/System/Library/Frameworks/GSS.framework/Versions/A/GSS
0x00007fff67d5a000 	/usr/lib/libresolv.9.dylib
0x00007fff51804000 	/System/Library/PrivateFrameworks/Heimdal.framework/Versions/A/Heimdal
0x00007fff336b0000 	/System/Library/Frameworks/Kerberos.framework/Versions/A/Libraries/libHeimdalProxy.dylib
0x00007fff66bc2000 	/usr/lib/libheimdal-asn1.dylib
0x00007fff45af6000 	/System/Library/PrivateFrameworks/CommonAuth.framework/Versions/A/CommonAuth
0x00007fff42d45000 	/System/Library/PrivateFrameworks/AssertionServices.framework/Versions/A/AssertionServices
0x00007fff438e8000 	/System/Library/PrivateFrameworks/AudioToolboxCore.framework/Versions/A/AudioToolboxCore
0x00007fff629e0000 	/System/Library/PrivateFrameworks/caulk.framework/Versions/A/caulk
0x00007fff43eb1000 	/System/Library/PrivateFrameworks/BaseBoard.framework/Versions/A/BaseBoard
0x00007fff5b02b000 	/System/Library/PrivateFrameworks/RunningBoardServices.framework/Versions/A/RunningBoardServices
0x00007fff5803c000 	/System/Library/PrivateFrameworks/PersistentConnection.framework/Versions/A/PersistentConnection
0x00007fff5aa24000 	/System/Library/PrivateFrameworks/ProtocolBuffer.framework/Versions/A/ProtocolBuffer
0x00007fff45b1a000 	/System/Library/PrivateFrameworks/CommonUtilities.framework/Versions/A/CommonUtilities
0x00007fff4403f000 	/System/Library/PrivateFrameworks/Bom.framework/Versions/A/Bom
0x00007fff65816000 	/usr/lib/libAudioToolboxUtility.dylib
0x00007fff43e0f000 	/System/Library/PrivateFrameworks/Backup.framework/Versions/A/Backup
0x00007fff48bec000 	/System/Library/PrivateFrameworks/CrashReporterSupport.framework/Versions/A/CrashReporterSupport
0x00007fff5cabd000 	/System/Library/PrivateFrameworks/Sharing.framework/Versions/A/Sharing
0x00007fff42353000 	/System/Library/PrivateFrameworks/Apple80211.framework/Versions/A/Apple80211
0x00007fff43b2c000 	/System/Library/PrivateFrameworks/AuthKit.framework/Versions/A/AuthKit
0x00007fff488f9000 	/System/Library/PrivateFrameworks/CoreUtils.framework/Versions/A/CoreUtils
0x00007fff30d48000 	/System/Library/Frameworks/CoreWLAN.framework/Versions/A/CoreWLAN
0x00007fff3196c000 	/System/Library/Frameworks/IOBluetooth.framework/Versions/A/IOBluetooth
0x00007fff55bf7000 	/System/Library/PrivateFrameworks/MobileKeyBag.framework/Versions/A/MobileKeyBag
0x00007fff476fe000 	/System/Library/PrivateFrameworks/CorePhoneNumbers.framework/Versions/A/CorePhoneNumbers
0x00007fff42743000 	/System/Library/PrivateFrameworks/AppleIDAuthSupport.framework/Versions/A/AppleIDAuthSupport
0x00007fff3569e000 	/System/Library/Frameworks/Network.framework/Versions/A/Network
0x00007fff54299000 	/System/Library/PrivateFrameworks/KeychainCircle.framework/Versions/A/KeychainCircle
0x00007fff2e799000 	/System/Library/Frameworks/CoreBluetooth.framework/Versions/A/CoreBluetooth
0x00007fff5eb3c000 	/System/Library/PrivateFrameworks/SpeechRecognitionCore.framework/Versions/A/SpeechRecognitionCore
0x0000000108800000 	/usr/local/Cellar/openjdk/14.0.1/libexec/openjdk.jdk/Contents/Home/lib/server/libjvm.dylib
0x0000000107e6f000 	/usr/local/Cellar/openjdk/14.0.1/libexec/openjdk.jdk/Contents/Home/lib/libjimage.dylib
0x0000000107ec1000 	/usr/local/Cellar/openjdk/14.0.1/libexec/openjdk.jdk/Contents/Home/lib/libjava.dylib
0x0000000107ee6000 	/usr/local/Cellar/openjdk/14.0.1/libexec/openjdk.jdk/Contents/Home/lib/libzip.dylib
0x000000010eb6c000 	/usr/local/Cellar/openjdk/14.0.1/libexec/openjdk.jdk/Contents/Home/lib/libnio.dylib
0x000000010eb7c000 	/usr/local/Cellar/openjdk/14.0.1/libexec/openjdk.jdk/Contents/Home/lib/libnet.dylib
0x000000010eb91000 	/usr/local/Cellar/openjdk/14.0.1/libexec/openjdk.jdk/Contents/Home/lib/libawt.dylib
0x000000010ec28000 	/usr/local/Cellar/openjdk/14.0.1/libexec/openjdk.jdk/Contents/Home/lib/libmlib_image.dylib
0x00007fff33687000 	/System/Library/Frameworks/JavaVM.framework/Versions/A/Frameworks/JavaNativeFoundation.framework/Versions/A/JavaNativeFoundation
0x00007fff33690000 	/System/Library/Frameworks/JavaVM.framework/Versions/A/Frameworks/JavaRuntimeSupport.framework/Versions/A/JavaRuntimeSupport
0x00007fff33698000 	/System/Library/Frameworks/JavaVM.framework/Versions/A/JavaVM
0x00007fff540b0000 	/System/Library/PrivateFrameworks/JavaLaunching.framework/Versions/A/JavaLaunching
0x00007fff2d96a000 	/System/Library/Frameworks/Carbon.framework/Versions/A/Carbon
0x00007fff4869e000 	/System/Library/PrivateFrameworks/CoreSymbolication.framework/Versions/A/CoreSymbolication
0x00007fff2d96b000 	/System/Library/Frameworks/Carbon.framework/Versions/A/Frameworks/CommonPanels.framework/Versions/A/CommonPanels
0x00007fff2dc64000 	/System/Library/Frameworks/Carbon.framework/Versions/A/Frameworks/Help.framework/Versions/A/Help
0x00007fff2dc68000 	/System/Library/Frameworks/Carbon.framework/Versions/A/Frameworks/ImageCapture.framework/Versions/A/ImageCapture
0x00007fff2dc6f000 	/System/Library/Frameworks/Carbon.framework/Versions/A/Frameworks/OpenScripting.framework/Versions/A/OpenScripting
0x00007fff2dc6e000 	/System/Library/Frameworks/Carbon.framework/Versions/A/Frameworks/Ink.framework/Versions/A/Ink
0x00007fff2dcaa000 	/System/Library/Frameworks/Carbon.framework/Versions/A/Frameworks/Print.framework/Versions/A/Print
0x00007fff2dcab000 	/System/Library/Frameworks/Carbon.framework/Versions/A/Frameworks/SecurityHI.framework/Versions/A/SecurityHI
0x00007fff48e20000 	/System/Library/PrivateFrameworks/DebugSymbols.framework/Versions/A/DebugSymbols
0x000000010ec8b000 	/usr/local/Cellar/openjdk/14.0.1/libexec/openjdk.jdk/Contents/Home/lib/libawt_lwawt.dylib
0x000000010ed34000 	/usr/local/Cellar/openjdk/14.0.1/libexec/openjdk.jdk/Contents/Home/lib/libosxapp.dylib
0x00007fff31248000 	/System/Library/Frameworks/ExceptionHandling.framework/Versions/A/ExceptionHandling
0x000000010ed5b000 	/usr/local/Cellar/openjdk/14.0.1/libexec/openjdk.jdk/Contents/Home/lib/libfontmanager.dylib
0x000000010ee59000 	/usr/local/Cellar/openjdk/14.0.1/libexec/openjdk.jdk/Contents/Home/lib/libfreetype.dylib
0x00007fff48117000 	/System/Library/PrivateFrameworks/CoreServicesInternal.framework/Versions/A/CoreServicesInternal
0x00007fff31267000 	/System/Library/Frameworks/FileProvider.framework/Versions/A/FileProvider
0x00007fff2bdfa000 	/System/Library/Frameworks/Accounts.framework/Versions/A/Accounts
0x00007fff50503000 	/System/Library/PrivateFrameworks/GenerationalStorage.framework/Versions/A/GenerationalStorage
0x00007fff5f37e000 	/System/Library/PrivateFrameworks/SymptomDiagnosticReporter.framework/Versions/A/SymptomDiagnosticReporter
0x00007fff41e57000 	/System/Library/PrivateFrameworks/AppContainer.framework/Versions/A/AppContainer
0x00007fff67d74000 	/usr/lib/libsandbox.1.dylib
0x00007fff60cd6000 	/System/Library/PrivateFrameworks/UserManagement.framework/Versions/A/UserManagement
0x00007fff44bfb000 	/System/Library/PrivateFrameworks/ChunkingLibrary.framework/Versions/A/ChunkingLibrary
0x00007fff41ec9000 	/System/Library/PrivateFrameworks/AppSandbox.framework/Versions/A/AppSandbox
0x00007fff5c947000 	/System/Library/PrivateFrameworks/SecCodeWrapper.framework/Versions/A/SecCodeWrapper
0x00007fff65c2b000 	/usr/lib/libMatch.1.dylib
0x00007fff21de2000 	/System/Library/CoreServices/RawCamera.bundle/Contents/MacOS/RawCamera
0x00007fff559f5000 	/System/Library/PrivateFrameworks/MobileAsset.framework/Versions/A/MobileAsset
0x00007fff5f226000 	/System/Library/PrivateFrameworks/StreamingZip.framework/Versions/A/StreamingZip
0x00007fff33b18000 	/System/Library/Frameworks/MediaToolbox.framework/Versions/A/MediaToolbox
0x00007fff4660e000 	/System/Library/PrivateFrameworks/CoreAVCHD.framework/Versions/A/CoreAVCHD
0x00007fff33a42000 	/System/Library/Frameworks/MediaAccessibility.framework/Versions/A/MediaAccessibility
0x00007fff54da9000 	/System/Library/PrivateFrameworks/Mangrove.framework/Versions/A/Mangrove
0x00007fff2ff10000 	/System/Library/Frameworks/CoreMedia.framework/Versions/A/CoreMedia
0x00007fff55015000 	/System/Library/PrivateFrameworks/MediaExperience.framework/Versions/A/MediaExperience
0x00007fff3c9f0000 	/System/Library/Frameworks/VideoToolbox.framework/Versions/A/VideoToolbox
0x00007fff46238000 	/System/Library/PrivateFrameworks/CoreAUC.framework/Versions/A/CoreAUC
0x00007fff67dcc000 	/usr/lib/libspindump.dylib
0x00007fff43297000 	/System/Library/PrivateFrameworks/AudioResourceArbitration.framework/Versions/A/AudioResourceArbitration
0x00007fff42cac000 	/System/Library/PrivateFrameworks/AppleVA.framework/Versions/A/AppleVA
0x00007fff2a978000 	/System/Library/Frameworks/Accelerate.framework/Versions/A/Frameworks/vImage.framework/Versions/A/Libraries/libCGInterfaces.dylib
0x000000010f8ac000 	/usr/lib/libobjc-trampolines.dylib
0x00007fff4b599000 	/System/Library/PrivateFrameworks/FontServices.framework/libTrueTypeScaler.dylib
0x00007fff244f0000 	/System/Library/Extensions/AppleIntelBDWGraphicsMTLDriver.bundle/Contents/MacOS/AppleIntelBDWGraphicsMTLDriver
0x00007fff4eb23000 	/System/Library/PrivateFrameworks/GPUCompiler.framework/Versions/3902/Libraries/libmetal_timestamp.dylib
0x00007fff61aa2000 	/System/Library/PrivateFrameworks/ViewBridge.framework/Versions/A/ViewBridge
0x00007fff39882000 	/System/Library/Frameworks/OpenGL.framework/Versions/A/Resources/GLEngine.bundle/GLEngine
0x00007fff38c65000 	/System/Library/Frameworks/OpenGL.framework/Versions/A/Libraries/libGLProgrammability.dylib
0x00007fff23fef000 	/System/Library/Extensions/AppleIntelBDWGraphicsGLDriver.bundle/Contents/MacOS/AppleIntelBDWGraphicsGLDriver
0x00007fff501d2000 	/System/Library/PrivateFrameworks/GPUSupport.framework/Versions/A/Libraries/libGPUSupportMercury.dylib
0x00007fff399fc000 	/System/Library/Frameworks/OpenGL.framework/Versions/A/Resources/GLRendererFloat.bundle/GLRendererFloat
0x00007fff3821e000 	/System/Library/Frameworks/OpenCL.framework/Versions/A/Libraries/libcldcpuengine.dylib
0x00007fff62d33000 	/System/Library/PrivateFrameworks/login.framework/Versions/A/login
0x000000012d5b2000 	/usr/local/Cellar/openjdk/14.0.1/libexec/openjdk.jdk/Contents/Home/lib/libosxui.dylib
0x00007fff5f3f8000 	/System/Library/PrivateFrameworks/SystemAdministration.framework/Versions/A/SystemAdministration
0x00007fff4935e000 	/System/Library/PrivateFrameworks/DiskManagement.framework/Versions/A/DiskManagement
0x00007fff30f91000 	/System/Library/Frameworks/DirectoryService.framework/Versions/A/DirectoryService
0x00007fff49295000 	/System/Library/PrivateFrameworks/DiskImages.framework/Versions/A/DiskImages
0x00007fff545b4000 	/System/Library/PrivateFrameworks/LoginUIKit.framework/Versions/A/Frameworks/LoginUICore.framework/Versions/A/LoginUICore
0x00007fff65892000 	/usr/lib/libCoreStorage.dylib
0x00007fff66a08000 	/usr/lib/libcsfde.dylib
0x00007fff67c87000 	/usr/lib/libodfde.dylib
0x00007fff550a0000 	/System/Library/PrivateFrameworks/MediaKit.framework/Versions/A/MediaKit
0x00007fff30f9d000 	/System/Library/Frameworks/DiscRecording.framework/Versions/A/DiscRecording
0x00007fff49514000 	/System/Library/PrivateFrameworks/EFILogin.framework/Versions/A/EFILogin
0x00007fff5a9c9000 	/System/Library/PrivateFrameworks/ProtectedCloudStorage.framework/Versions/A/ProtectedCloudStorage
0x00007fff66a7c000 	/usr/lib/libcurl.4.dylib
0x00007fff66901000 	/usr/lib/libcrypto.44.dylib
0x00007fff680ac000 	/usr/lib/libssl.46.dylib
0x00007fff336b1000 	/System/Library/Frameworks/LDAP.framework/Versions/A/LDAP
0x00007fff5fdd0000 	/System/Library/PrivateFrameworks/TrustEvaluationAgent.framework/Versions/A/TrustEvaluationAgent
0x00007fff67db9000 	/usr/lib/libsasl2.2.dylib
0x00007fff4698a000 	/System/Library/PrivateFrameworks/CoreDaemon.framework/Versions/B/CoreDaemon
0x00007fff42bc2000 	/System/Library/PrivateFrameworks/AppleSRP.framework/Versions/A/AppleSRP


VM Arguments:
jvm_args: -Dfile.encoding=UTF-8 -Duser.country=FI -Duser.language=en -Duser.variant 
java_command: ohtu.Main
java_class_path (initial): /Users/otsohelos/Desktop/ohtu/mluukkai/syksy2020/koodi/viikko5/LaskinSwing/build/classes/java/main:/Users/otsohelos/Desktop/ohtu/mluukkai/syksy2020/koodi/viikko5/LaskinSwing/build/resources/main:/Users/otsohelos/.gradle/caches/modules-2/files-2.1/com.google.guava/guava/28.1-jre/b0e91dcb6a44ffb6221b5027e12a5cb34b841145/guava-28.1-jre.jar:/Users/otsohelos/.gradle/caches/modules-2/files-2.1/com.google.guava/failureaccess/1.0.1/1dcf1de382a0bf95a3d8b0849546c88bac1292c9/failureaccess-1.0.1.jar:/Users/otsohelos/.gradle/caches/modules-2/files-2.1/com.google.guava/listenablefuture/9999.0-empty-to-avoid-conflict-with-guava/b421526c5f297295adef1c886e5246c39d4ac629/listenablefuture-9999.0-empty-to-avoid-conflict-with-guava.jar:/Users/otsohelos/.gradle/caches/modules-2/files-2.1/com.google.code.findbugs/jsr305/3.0.2/25ea2e8b0c338a877313bd4672d3fe056ea78f0d/jsr305-3.0.2.jar:/Users/otsohelos/.gradle/caches/modules-2/files-2.1/org.checkerframework/checker-qual/2.8.1/eb2e8ab75598548cc8acf9a1ca227e480e01881e/checker-qual-2.8.1.jar:/Users/otsohelos/.gradle/caches/modules-2/files-2.1/com.google.errorprone/error_prone_annotations/2.3.2/d1a0c5032570e0f64be6b4d9c90cdeb103129029/error_prone_annotations-2.3.2.jar:/Users/otsohelos/.gradle/caches/modules-2/files-2.1/com.google.j2objc/j2objc-annotations/1.3/ba035118bc8bac37d7eff77700720999acd9986d/j2objc-annotations-1.3.jar:/Users/otsohelos/.gradle/caches/modules-2/files-2.1/org.codehaus.mojo/animal-sniffer-annotations/1.18/f7aa683ea79dc6681ee9fb95756c999acbb62f5d/animal-sniffer-annotations-1.18.jar
Launcher Type: SUN_STANDARD

[Global flags]
     intx CICompilerCount                          = 3                                         {product} {ergonomic}
     uint ConcGCThreads                            = 1                                         {product} {ergonomic}
     uint G1ConcRefinementThreads                  = 4                                         {product} {ergonomic}
   size_t G1HeapRegionSize                         = 1048576                                   {product} {ergonomic}
    uintx GCDrainStackTargetSize                   = 64                                        {product} {ergonomic}
   size_t InitialHeapSize                          = 134217728                                 {product} {ergonomic}
   size_t MarkStackSize                            = 4194304                                   {product} {ergonomic}
   size_t MaxHeapSize                              = 2147483648                                {product} {ergonomic}
   size_t MaxNewSize                               = 1287651328                                {product} {ergonomic}
   size_t MinHeapDeltaBytes                        = 1048576                                   {product} {ergonomic}
   size_t MinHeapSize                              = 8388608                                   {product} {ergonomic}
    uintx NonNMethodCodeHeapSize                   = 5832780                                {pd product} {ergonomic}
    uintx NonProfiledCodeHeapSize                  = 122912730                              {pd product} {ergonomic}
    uintx ProfiledCodeHeapSize                     = 122912730                              {pd product} {ergonomic}
    uintx ReservedCodeCacheSize                    = 251658240                              {pd product} {ergonomic}
     bool SegmentedCodeCache                       = true                                      {product} {ergonomic}
   size_t SoftMaxHeapSize                          = 2147483648                             {manageable} {ergonomic}
     bool UseCompressedClassPointers               = true                                 {lp64_product} {ergonomic}
     bool UseCompressedOops                        = true                                 {lp64_product} {ergonomic}
     bool UseG1GC                                  = true                                      {product} {ergonomic}

Logging:
Log output configuration:
 #0: stdout all=warning uptime,level,tags
 #1: stderr all=off uptime,level,tags

Environment Variables:
JAVA_HOME=/usr/local/opt/openjdk/libexec/openjdk.jdk/Contents/Home
PATH=/usr/local/bin:/usr/bin:/bin:/usr/sbin:/sbin
SHELL=/bin/zsh

Signal Handlers:
SIGSEGV: [libjvm.dylib+0x7c63a6], sa_mask[0]=11111111011111110111111111111111, sa_flags=SA_ONSTACK|SA_RESTART|SA_SIGINFO
SIGBUS: [libjvm.dylib+0x7c63a6], sa_mask[0]=11111111011111110111111111111111, sa_flags=SA_RESTART|SA_SIGINFO
SIGFPE: [libjvm.dylib+0x7c63a6], sa_mask[0]=11111111011111110111111111111111, sa_flags=SA_RESTART|SA_SIGINFO
SIGPIPE: [libjvm.dylib+0x6078f5], sa_mask[0]=11111111011111110111111111111111, sa_flags=SA_RESTART|SA_SIGINFO
SIGXFSZ: [libjvm.dylib+0x6078f5], sa_mask[0]=11111111011111110111111111111111, sa_flags=SA_RESTART|SA_SIGINFO
SIGILL: [libjvm.dylib+0x7c63a6], sa_mask[0]=11111111011111110111111111111111, sa_flags=SA_RESTART|SA_SIGINFO
SIGUSR2: [libjvm.dylib+0x607eb4], sa_mask[0]=00100000000000000000000000000000, sa_flags=SA_RESTART|SA_SIGINFO
SIGHUP: [libjvm.dylib+0x606f23], sa_mask[0]=11111111011111110111111111111111, sa_flags=SA_RESTART|SA_SIGINFO
SIGINT: [libjvm.dylib+0x606f23], sa_mask[0]=11111111011111110111111111111111, sa_flags=SA_RESTART|SA_SIGINFO
SIGTERM: [libjvm.dylib+0x606f23], sa_mask[0]=11111111011111110111111111111111, sa_flags=SA_RESTART|SA_SIGINFO
SIGQUIT: [libjvm.dylib+0x606f23], sa_mask[0]=11111111011111110111111111111111, sa_flags=SA_RESTART|SA_SIGINFO


---------------  S Y S T E M  ---------------

OS:uname:Darwin 19.6.0 Darwin Kernel Version 19.6.0: Thu Jun 18 20:49:00 PDT 2020; root:xnu-6153.141.1~1/RELEASE_X86_64 x86_64
OS uptime: 9 days 17:26 hours
rlimit: STACK 8192k, CORE 0k, NPROC 1392, NOFILE 10240, AS infinity, DATA infinity, FSIZE infinity
load average:1.37 1.56 1.71

CPU:total 4 (initial active 4) (2 cores per cpu, 2 threads per core) family 6 model 61 stepping 4, cmov, cx8, fxsr, mmx, sse, sse2, sse3, ssse3, sse4.1, sse4.2, popcnt, avx, avx2, aes, clmul, erms, 3dnowpref, lzcnt, ht, tsc, tscinvbit, bmi1, bmi2, adx, fma

Memory: 4k page, physical 8388608k(25004k free), swap 2097152k(785920k free)

vm_info: OpenJDK 64-Bit Server VM (14.0.1+14) for bsd-amd64 JRE (14.0.1+14), built on Jun 30 2020 17:14:54 by "brew" with clang 4.2.1 Compatible Apple LLVM 11.0.3 (clang-1103.0.32.62)

END.
